# build-tree --verbose=1 --max-leaves=2000 --cluster-thresh=-1 exp/tri1/treeacc data/lang/phones/roots.int exp/tri1/questions.qst data/lang/topo exp/tri1/tree 
# Started at Mon Jun 26 10:49:44 HKT 2017
#
build-tree --verbose=1 --max-leaves=2000 --cluster-thresh=-1 exp/tri1/treeacc data/lang/phones/roots.int exp/tri1/questions.qst data/lang/topo exp/tri1/tree 
LOG (build-tree:main():build-tree.cc:100) Number of separate statistics is 242
LOG (build-tree:BuildTree():build-tree.cc:159) BuildTree: before building trees, map has 23 leaves.
LOG (build-tree:SplitDecisionTree():build-tree-utils.cc:577) DoDecisionTreeSplit: split 95 times, #leaves now 118
LOG (build-tree:BuildTree():build-tree.cc:185) Setting clustering threshold to smallest split 300.585
VLOG[1] (build-tree:BuildTree():build-tree.cc:194) After decision tree split, num-leaves = 118, like-impr = 9.56639 per frame over 22080 frames.
VLOG[1] (build-tree:BuildTree():build-tree.cc:198) Including just phones that were split, improvement is 9.56639 per frame over 22080 frames.
LOG (build-tree:BuildTree():build-tree.cc:213) BuildTree: removed 12 leaves.
VLOG[1] (build-tree:BuildTree():build-tree.cc:220) Objf change due to clustering -0.10111 per frame.
VLOG[1] (build-tree:BuildTree():build-tree.cc:223) Normalizing over only split phones, this is: -0.10111 per frame.
VLOG[1] (build-tree:BuildTree():build-tree.cc:226) Num-leaves is now 106
VLOG[1] (build-tree:main():build-tree.cc:138) For pdf-id 1, low count 0
VLOG[1] (build-tree:main():build-tree.cc:138) For pdf-id 2, low count 23
VLOG[1] (build-tree:main():build-tree.cc:138) For pdf-id 9, low count 66
VLOG[1] (build-tree:main():build-tree.cc:138) For pdf-id 11, low count 77
VLOG[1] (build-tree:main():build-tree.cc:138) For pdf-id 13, low count 0
VLOG[1] (build-tree:main():build-tree.cc:138) For pdf-id 14, low count 99
VLOG[1] (build-tree:main():build-tree.cc:138) For pdf-id 16, low count 43
VLOG[1] (build-tree:main():build-tree.cc:138) For pdf-id 17, low count 35
VLOG[1] (build-tree:main():build-tree.cc:138) For pdf-id 19, low count 23
VLOG[1] (build-tree:main():build-tree.cc:138) For pdf-id 21, low count 0
VLOG[1] (build-tree:main():build-tree.cc:138) For pdf-id 30, low count 72
VLOG[1] (build-tree:main():build-tree.cc:138) For pdf-id 39, low count 68
VLOG[1] (build-tree:main():build-tree.cc:138) For pdf-id 42, low count 73
VLOG[1] (build-tree:main():build-tree.cc:138) For pdf-id 46, low count 90
VLOG[1] (build-tree:main():build-tree.cc:138) For pdf-id 47, low count 18
VLOG[1] (build-tree:main():build-tree.cc:138) For pdf-id 49, low count 83
VLOG[1] (build-tree:main():build-tree.cc:138) For pdf-id 52, low count 69
VLOG[1] (build-tree:main():build-tree.cc:138) For pdf-id 58, low count 15
VLOG[1] (build-tree:main():build-tree.cc:138) For pdf-id 62, low count 34
VLOG[1] (build-tree:main():build-tree.cc:138) For pdf-id 68, low count 82
VLOG[1] (build-tree:main():build-tree.cc:138) For pdf-id 70, low count 26
VLOG[1] (build-tree:main():build-tree.cc:138) For pdf-id 73, low count 6
VLOG[1] (build-tree:main():build-tree.cc:138) For pdf-id 75, low count 38
VLOG[1] (build-tree:main():build-tree.cc:138) For pdf-id 76, low count 49
VLOG[1] (build-tree:main():build-tree.cc:138) For pdf-id 78, low count 42
VLOG[1] (build-tree:main():build-tree.cc:138) For pdf-id 79, low count 83
VLOG[1] (build-tree:main():build-tree.cc:138) For pdf-id 80, low count 12
VLOG[1] (build-tree:main():build-tree.cc:138) For pdf-id 82, low count 40
VLOG[1] (build-tree:main():build-tree.cc:138) For pdf-id 83, low count 98
VLOG[1] (build-tree:main():build-tree.cc:138) For pdf-id 84, low count 76
VLOG[1] (build-tree:main():build-tree.cc:138) For pdf-id 85, low count 37
VLOG[1] (build-tree:main():build-tree.cc:138) For pdf-id 86, low count 14
VLOG[1] (build-tree:main():build-tree.cc:138) For pdf-id 87, low count 94
VLOG[1] (build-tree:main():build-tree.cc:138) For pdf-id 95, low count 22
VLOG[1] (build-tree:main():build-tree.cc:138) For pdf-id 99, low count 40
VLOG[1] (build-tree:main():build-tree.cc:138) For pdf-id 100, low count 84
VLOG[1] (build-tree:main():build-tree.cc:138) For pdf-id 101, low count 23
VLOG[1] (build-tree:main():build-tree.cc:138) For pdf-id 102, low count 24
VLOG[1] (build-tree:main():build-tree.cc:138) For pdf-id 104, low count 49
VLOG[1] (build-tree:main():build-tree.cc:138) For pdf-id 105, low count 49
WARNING (build-tree:main():build-tree.cc:180) Saw no stats for following phones: 2 3 4 5 6 7 8 9 10 11 12 14 15 16 18 19 20 22 23 24 26 28 29 30 32 33 34 36 37 38 39 40 42 43 45 46 47 48 50 53 54 55 56 57 58 59 62 65 66 69 70 72 73 74 75 77 78 80 82 83 86 87 88 89 90 91 92 94 
LOG (build-tree:main():build-tree.cc:184) Wrote tree
# Accounting: time=0 threads=1
# Ended (code 0) at Mon Jun 26 10:49:44 HKT 2017, elapsed time 0 seconds
