# gmm-init-model --write-occs=exp/tri1/1.occs exp/tri1/tree exp/tri1/treeacc data/lang/topo exp/tri1/1.mdl 
# Started at Mon Jun 26 10:49:44 HKT 2017
#
gmm-init-model --write-occs=exp/tri1/1.occs exp/tri1/tree exp/tri1/treeacc data/lang/topo exp/tri1/1.mdl 
LOG (gmm-init-model:main():gmm-init-model.cc:271) Number of separate statistics is 242
WARNING (gmm-init-model:InitAmGmm():gmm-init-model.cc:55) Tree has pdf-id 1 with no stats; corresponding phone list: 6 7 8 9 10 
WARNING (gmm-init-model:InitAmGmm():gmm-init-model.cc:55) Tree has pdf-id 13 with no stats; corresponding phone list: 55 56 57 58 
WARNING (gmm-init-model:InitAmGmm():gmm-init-model.cc:55) Tree has pdf-id 21 with no stats; corresponding phone list: 87 88 89 90 
WARNING (gmm-init-model:InitAmGmm():gmm-init-model.cc:83) Very small count for state 2: 23; corresponding phone list: 11 12 13 14 
WARNING (gmm-init-model:InitAmGmm():gmm-init-model.cc:83) Very small count for state 9: 66; corresponding phone list: 39 40 41 42 
WARNING (gmm-init-model:InitAmGmm():gmm-init-model.cc:83) Very small count for state 11: 77; corresponding phone list: 47 48 49 50 
WARNING (gmm-init-model:InitAmGmm():gmm-init-model.cc:83) Very small count for state 14: 99; corresponding phone list: 59 60 61 62 
WARNING (gmm-init-model:InitAmGmm():gmm-init-model.cc:83) Very small count for state 16: 43; corresponding phone list: 67 68 69 70 
WARNING (gmm-init-model:InitAmGmm():gmm-init-model.cc:83) Very small count for state 17: 35; corresponding phone list: 71 72 73 74 
WARNING (gmm-init-model:InitAmGmm():gmm-init-model.cc:83) Very small count for state 19: 23; corresponding phone list: 79 80 81 82 
WARNING (gmm-init-model:InitAmGmm():gmm-init-model.cc:83) Very small count for state 30: 72; corresponding phone list: 83 84 85 86 
WARNING (gmm-init-model:InitAmGmm():gmm-init-model.cc:83) Very small count for state 39: 68; corresponding phone list: 11 12 13 14 
WARNING (gmm-init-model:InitAmGmm():gmm-init-model.cc:83) Very small count for state 42: 73; corresponding phone list: 63 64 65 66 
WARNING (gmm-init-model:InitAmGmm():gmm-init-model.cc:83) Very small count for state 46: 90; corresponding phone list: 67 68 69 70 
WARNING (gmm-init-model:InitAmGmm():gmm-init-model.cc:83) Very small count for state 47: 18; corresponding phone list: 63 64 65 66 
WARNING (gmm-init-model:InitAmGmm():gmm-init-model.cc:83) Very small count for state 49: 83; corresponding phone list: 11 12 13 14 
WARNING (gmm-init-model:InitAmGmm():gmm-init-model.cc:83) Very small count for state 52: 69; corresponding phone list: 31 32 33 34 
WARNING (gmm-init-model:InitAmGmm():gmm-init-model.cc:83) Very small count for state 58: 15; corresponding phone list: 71 72 73 74 
WARNING (gmm-init-model:InitAmGmm():gmm-init-model.cc:83) Very small count for state 62: 34; corresponding phone list: 79 80 81 82 
WARNING (gmm-init-model:InitAmGmm():gmm-init-model.cc:83) Very small count for state 68: 82; corresponding phone list: 67 68 69 70 
WARNING (gmm-init-model:InitAmGmm():gmm-init-model.cc:83) Very small count for state 70: 26; corresponding phone list: 67 68 69 70 
WARNING (gmm-init-model:InitAmGmm():gmm-init-model.cc:83) Very small count for state 73: 6; corresponding phone list: 51 52 53 54 
WARNING (gmm-init-model:InitAmGmm():gmm-init-model.cc:83) Very small count for state 75: 38; corresponding phone list: 79 80 81 82 
WARNING (gmm-init-model:InitAmGmm():gmm-init-model.cc:83) Very small count for state 76: 49; corresponding phone list: 31 32 33 34 
WARNING (gmm-init-model:InitAmGmm():gmm-init-model.cc:83) Very small count for state 78: 42; corresponding phone list: 83 84 85 86 
WARNING (gmm-init-model:InitAmGmm():gmm-init-model.cc:83) Very small count for state 79: 83; corresponding phone list: 71 72 73 74 
WARNING (gmm-init-model:InitAmGmm():gmm-init-model.cc:83) Very small count for state 80: 12; corresponding phone list: 63 64 65 66 
WARNING (gmm-init-model:InitAmGmm():gmm-init-model.cc:83) Very small count for state 82: 40; corresponding phone list: 51 52 53 54 
WARNING (gmm-init-model:InitAmGmm():gmm-init-model.cc:83) Very small count for state 83: 98; corresponding phone list: 31 32 33 34 
WARNING (gmm-init-model:InitAmGmm():gmm-init-model.cc:83) Very small count for state 84: 76; corresponding phone list: 39 40 41 42 
WARNING (gmm-init-model:InitAmGmm():gmm-init-model.cc:83) Very small count for state 85: 37; corresponding phone list: 19 20 21 22 
WARNING (gmm-init-model:InitAmGmm():gmm-init-model.cc:83) Very small count for state 86: 14; corresponding phone list: 63 64 65 66 
WARNING (gmm-init-model:InitAmGmm():gmm-init-model.cc:83) Very small count for state 87: 94; corresponding phone list: 59 60 61 62 
WARNING (gmm-init-model:InitAmGmm():gmm-init-model.cc:83) Very small count for state 95: 22; corresponding phone list: 51 52 53 54 
WARNING (gmm-init-model:InitAmGmm():gmm-init-model.cc:83) Very small count for state 99: 40; corresponding phone list: 71 72 73 74 
WARNING (gmm-init-model:InitAmGmm():gmm-init-model.cc:83) Very small count for state 100: 84; corresponding phone list: 51 52 53 54 
WARNING (gmm-init-model:InitAmGmm():gmm-init-model.cc:83) Very small count for state 101: 23; corresponding phone list: 11 12 13 14 
WARNING (gmm-init-model:InitAmGmm():gmm-init-model.cc:83) Very small count for state 102: 24; corresponding phone list: 67 68 69 70 
WARNING (gmm-init-model:InitAmGmm():gmm-init-model.cc:83) Very small count for state 104: 49; corresponding phone list: 83 84 85 86 
WARNING (gmm-init-model:InitAmGmm():gmm-init-model.cc:83) Very small count for state 105: 49; corresponding phone list: 63 64 65 66 
LOG (gmm-init-model:main():gmm-init-model.cc:306) Wrote model.
# Accounting: time=0 threads=1
# Ended (code 0) at Mon Jun 26 10:49:44 HKT 2017, elapsed time 0 seconds
