# gmm-est --mix-up=2720 --power=0.25 --write-occs=exp/tri1/4.occs exp/tri1/3.mdl "gmm-sum-accs - exp/tri1/3.*.acc |" exp/tri1/4.mdl 
# Started at Mon Jun 26 10:49:45 HKT 2017
#
gmm-est --mix-up=2720 --power=0.25 --write-occs=exp/tri1/4.occs exp/tri1/3.mdl 'gmm-sum-accs - exp/tri1/3.*.acc |' exp/tri1/4.mdl 
gmm-sum-accs - exp/tri1/3.1.acc 
LOG (gmm-sum-accs:main():gmm-sum-accs.cc:63) Summed 1 stats, total count 22080, avg like/frame -85.6579
LOG (gmm-sum-accs:main():gmm-sum-accs.cc:66) Total count of stats is 22080
LOG (gmm-sum-accs:main():gmm-sum-accs.cc:67) Written stats to -
LOG (gmm-est:MleUpdate():transition-model.cc:393) TransitionModel::Update, objf change is 0 per frame over 22080 frames. 
LOG (gmm-est:MleUpdate():transition-model.cc:396) 19 probabilities floored, 393 out of 510 transition-states skipped due to insuffient data (it is normal to have some skipped.)
LOG (gmm-est:main():gmm-est.cc:102) Transition model update: Overall 0 log-like improvement per frame over 22080 frames.
WARNING (gmm-est:MleDiagGmmUpdate():mle-diag-gmm.cc:359) Too little data - removing Gaussian (weight 0.002292, occupation count 5.843346, vector size 39)
WARNING (gmm-est:MleDiagGmmUpdate():mle-diag-gmm.cc:359) Too little data - removing Gaussian (weight 0.002506, occupation count 6.387610, vector size 39)
WARNING (gmm-est:MleDiagGmmUpdate():mle-diag-gmm.cc:359) Too little data - removing Gaussian (weight 0.002927, occupation count 7.461400, vector size 39)
WARNING (gmm-est:MleDiagGmmUpdate():mle-diag-gmm.cc:359) Too little data - removing Gaussian (weight 0.001721, occupation count 4.387383, vector size 39)
WARNING (gmm-est:MleDiagGmmUpdate():mle-diag-gmm.cc:359) Too little data - removing Gaussian (weight 0.001496, occupation count 3.814362, vector size 39)
WARNING (gmm-est:MleDiagGmmUpdate():mle-diag-gmm.cc:359) Too little data - removing Gaussian (weight 0.002258, occupation count 5.754810, vector size 39)
WARNING (gmm-est:MleDiagGmmUpdate():mle-diag-gmm.cc:359) Too little data - removing Gaussian (weight 0.000628, occupation count 1.599613, vector size 39)
WARNING (gmm-est:MleDiagGmmUpdate():mle-diag-gmm.cc:359) Too little data - removing Gaussian (weight 0.003564, occupation count 9.084817, vector size 39)
WARNING (gmm-est:MleDiagGmmUpdate():mle-diag-gmm.cc:359) Too little data - removing Gaussian (weight 0.003213, occupation count 8.191124, vector size 39)
WARNING (gmm-est:MleDiagGmmUpdate():mle-diag-gmm.cc:359) Too little data - removing Gaussian (weight 0.001278, occupation count 3.258858, vector size 39)
WARNING (gmm-est:MleDiagGmmUpdate():mle-diag-gmm.cc:359) Too little data - removing Gaussian (weight 0.000671, occupation count 1.709644, vector size 39)
WARNING (gmm-est:MleDiagGmmUpdate():mle-diag-gmm.cc:359) Too little data - removing Gaussian (weight 0.001946, occupation count 4.961531, vector size 39)
WARNING (gmm-est:MleDiagGmmUpdate():mle-diag-gmm.cc:359) Too little data - removing Gaussian (weight 0.001609, occupation count 4.101985, vector size 39)
WARNING (gmm-est:MleDiagGmmUpdate():mle-diag-gmm.cc:359) Too little data - removing Gaussian (weight 0.001207, occupation count 3.077638, vector size 39)
WARNING (gmm-est:MleDiagGmmUpdate():mle-diag-gmm.cc:359) Too little data - removing Gaussian (weight 0.002823, occupation count 7.195378, vector size 39)
WARNING (gmm-est:MleDiagGmmUpdate():mle-diag-gmm.cc:359) Too little data - removing Gaussian (weight 0.000821, occupation count 2.092057, vector size 39)
WARNING (gmm-est:MleDiagGmmUpdate():mle-diag-gmm.cc:359) Too little data - removing Gaussian (weight 0.001926, occupation count 4.909137, vector size 39)
WARNING (gmm-est:MleDiagGmmUpdate():mle-diag-gmm.cc:359) Too little data - removing Gaussian (weight 0.001918, occupation count 4.888926, vector size 39)
WARNING (gmm-est:MleDiagGmmUpdate():mle-diag-gmm.cc:359) Too little data - removing Gaussian (weight 0.001625, occupation count 4.141483, vector size 39)
WARNING (gmm-est:MleDiagGmmUpdate():mle-diag-gmm.cc:359) Too little data - removing Gaussian (weight 0.000840, occupation count 2.142019, vector size 39)
WARNING (gmm-est:MleDiagGmmUpdate():mle-diag-gmm.cc:359) Too little data - removing Gaussian (weight 0.002296, occupation count 5.852300, vector size 39)
WARNING (gmm-est:MleDiagGmmUpdate():mle-diag-gmm.cc:359) Too little data - removing Gaussian (weight 0.001486, occupation count 3.786713, vector size 39)
WARNING (gmm-est:MleDiagGmmUpdate():mle-diag-gmm.cc:359) Too little data - removing Gaussian (weight 0.003086, occupation count 7.866935, vector size 39)
WARNING (gmm-est:MleDiagGmmUpdate():mle-diag-gmm.cc:359) Too little data - removing Gaussian (weight 0.001859, occupation count 4.737365, vector size 39)
WARNING (gmm-est:MleDiagGmmUpdate():mle-diag-gmm.cc:359) Too little data - removing Gaussian (weight 0.001472, occupation count 3.752570, vector size 39)
WARNING (gmm-est:MleDiagGmmUpdate():mle-diag-gmm.cc:359) Too little data - removing Gaussian (weight 0.001531, occupation count 3.903278, vector size 39)
WARNING (gmm-est:MleDiagGmmUpdate():mle-diag-gmm.cc:359) Too little data - removing Gaussian (weight 0.001848, occupation count 4.710024, vector size 39)
WARNING (gmm-est:MleDiagGmmUpdate():mle-diag-gmm.cc:359) Too little data - removing Gaussian (weight 0.002605, occupation count 6.639652, vector size 39)
WARNING (gmm-est:MleDiagGmmUpdate():mle-diag-gmm.cc:359) Too little data - removing Gaussian (weight 0.002376, occupation count 6.056847, vector size 39)
WARNING (gmm-est:MleDiagGmmUpdate():mle-diag-gmm.cc:359) Too little data - removing Gaussian (weight 0.000937, occupation count 2.387587, vector size 39)
WARNING (gmm-est:MleDiagGmmUpdate():mle-diag-gmm.cc:359) Too little data - removing Gaussian (weight 0.003923, occupation count 9.998462, vector size 39)
WARNING (gmm-est:MleDiagGmmUpdate():mle-diag-gmm.cc:359) Too little data - removing Gaussian (weight 0.001057, occupation count 2.694772, vector size 39)
WARNING (gmm-est:MleDiagGmmUpdate():mle-diag-gmm.cc:359) Too little data - removing Gaussian (weight 0.003646, occupation count 9.292667, vector size 39)
WARNING (gmm-est:MleDiagGmmUpdate():mle-diag-gmm.cc:359) Too little data - removing Gaussian (weight 0.003390, occupation count 8.640199, vector size 39)
WARNING (gmm-est:MleDiagGmmUpdate():mle-diag-gmm.cc:359) Too little data - removing Gaussian (weight 0.002390, occupation count 6.092555, vector size 39)
WARNING (gmm-est:MleDiagGmmUpdate():mle-diag-gmm.cc:359) Too little data - removing Gaussian (weight 0.001604, occupation count 4.087836, vector size 39)
WARNING (gmm-est:MleDiagGmmUpdate():mle-diag-gmm.cc:359) Too little data - removing Gaussian (weight 0.001384, occupation count 3.527443, vector size 39)
WARNING (gmm-est:MleDiagGmmUpdate():mle-diag-gmm.cc:359) Too little data - removing Gaussian (weight 0.001127, occupation count 2.873838, vector size 39)
WARNING (gmm-est:MleDiagGmmUpdate():mle-diag-gmm.cc:359) Too little data - removing Gaussian (weight 0.002348, occupation count 5.984807, vector size 39)
WARNING (gmm-est:MleDiagGmmUpdate():mle-diag-gmm.cc:359) Too little data - removing Gaussian (weight 0.001320, occupation count 3.365842, vector size 39)
WARNING (gmm-est:MleDiagGmmUpdate():mle-diag-gmm.cc:359) Too little data - removing Gaussian (weight 0.001487, occupation count 3.790076, vector size 39)
WARNING (gmm-est:MleDiagGmmUpdate():mle-diag-gmm.cc:359) Too little data - removing Gaussian (weight 0.000607, occupation count 1.546044, vector size 39)
WARNING (gmm-est:MleDiagGmmUpdate():mle-diag-gmm.cc:359) Too little data - removing Gaussian (weight 0.001137, occupation count 2.898296, vector size 39)
WARNING (gmm-est:MleDiagGmmUpdate():mle-diag-gmm.cc:359) Too little data - removing Gaussian (weight 0.002369, occupation count 6.037817, vector size 39)
WARNING (gmm-est:MleDiagGmmUpdate():mle-diag-gmm.cc:359) Too little data - removing Gaussian (weight 0.003802, occupation count 9.690155, vector size 39)
WARNING (gmm-est:MleDiagGmmUpdate():mle-diag-gmm.cc:359) Too little data - removing Gaussian (weight 0.003545, occupation count 9.037092, vector size 39)
WARNING (gmm-est:MleDiagGmmUpdate():mle-diag-gmm.cc:359) Too little data - removing Gaussian (weight 0.003611, occupation count 9.204364, vector size 39)
WARNING (gmm-est:MleDiagGmmUpdate():mle-diag-gmm.cc:359) Too little data - removing Gaussian (weight 0.001288, occupation count 3.282884, vector size 39)
WARNING (gmm-est:MleDiagGmmUpdate():mle-diag-gmm.cc:359) Too little data - removing Gaussian (weight 0.003474, occupation count 8.856226, vector size 39)
WARNING (gmm-est:MleDiagGmmUpdate():mle-diag-gmm.cc:359) Too little data - removing Gaussian (weight 0.001320, occupation count 3.363538, vector size 39)
WARNING (gmm-est:MleDiagGmmUpdate():mle-diag-gmm.cc:359) Too little data - removing Gaussian (weight 0.003037, occupation count 7.742179, vector size 39)
WARNING (gmm-est:MleDiagGmmUpdate():mle-diag-gmm.cc:359) Too little data - removing Gaussian (weight 0.001503, occupation count 3.830443, vector size 39)
WARNING (gmm-est:MleDiagGmmUpdate():mle-diag-gmm.cc:359) Too little data - removing Gaussian (weight 0.000891, occupation count 2.270753, vector size 39)
WARNING (gmm-est:MleDiagGmmUpdate():mle-diag-gmm.cc:359) Too little data - removing Gaussian (weight 0.001957, occupation count 4.988790, vector size 39)
WARNING (gmm-est:MleDiagGmmUpdate():mle-diag-gmm.cc:359) Too little data - removing Gaussian (weight 0.002655, occupation count 6.768604, vector size 39)
WARNING (gmm-est:MleDiagGmmUpdate():mle-diag-gmm.cc:359) Too little data - removing Gaussian (weight 0.001554, occupation count 3.962115, vector size 39)
WARNING (gmm-est:MleDiagGmmUpdate():mle-diag-gmm.cc:359) Too little data - removing Gaussian (weight 0.001690, occupation count 4.309011, vector size 39)
WARNING (gmm-est:MleDiagGmmUpdate():mle-diag-gmm.cc:359) Too little data - removing Gaussian (weight 0.001874, occupation count 4.775592, vector size 39)
WARNING (gmm-est:MleDiagGmmUpdate():mle-diag-gmm.cc:359) Too little data - removing Gaussian (weight 0.003859, occupation count 9.837254, vector size 39)
WARNING (gmm-est:MleDiagGmmUpdate():mle-diag-gmm.cc:359) Too little data - removing Gaussian (weight 0.001497, occupation count 3.817089, vector size 39)
WARNING (gmm-est:MleDiagGmmUpdate():mle-diag-gmm.cc:359) Too little data - removing Gaussian (weight 0.002113, occupation count 5.386927, vector size 39)
WARNING (gmm-est:MleDiagGmmUpdate():mle-diag-gmm.cc:359) Too little data - removing Gaussian (weight 0.003772, occupation count 9.615636, vector size 39)
WARNING (gmm-est:MleDiagGmmUpdate():mle-diag-gmm.cc:359) Too little data - removing Gaussian (weight 0.001253, occupation count 3.194233, vector size 39)
WARNING (gmm-est:MleDiagGmmUpdate():mle-diag-gmm.cc:359) Too little data - removing Gaussian (weight 0.001910, occupation count 4.868791, vector size 39)
WARNING (gmm-est:MleDiagGmmUpdate():mle-diag-gmm.cc:359) Too little data - removing Gaussian (weight 0.001528, occupation count 3.895059, vector size 39)
WARNING (gmm-est:MleDiagGmmUpdate():mle-diag-gmm.cc:359) Too little data - removing Gaussian (weight 0.001553, occupation count 3.959746, vector size 39)
WARNING (gmm-est:MleDiagGmmUpdate():mle-diag-gmm.cc:359) Too little data - removing Gaussian (weight 0.000963, occupation count 2.454455, vector size 39)
WARNING (gmm-est:MleDiagGmmUpdate():mle-diag-gmm.cc:359) Too little data - removing Gaussian (weight 0.003079, occupation count 7.848979, vector size 39)
WARNING (gmm-est:MleDiagGmmUpdate():mle-diag-gmm.cc:359) Too little data - removing Gaussian (weight 0.002316, occupation count 5.903810, vector size 39)
WARNING (gmm-est:MleDiagGmmUpdate():mle-diag-gmm.cc:359) Too little data - removing Gaussian (weight 0.003893, occupation count 9.924038, vector size 39)
WARNING (gmm-est:MleDiagGmmUpdate():mle-diag-gmm.cc:359) Too little data - removing Gaussian (weight 0.001547, occupation count 3.942465, vector size 39)
WARNING (gmm-est:MleDiagGmmUpdate():mle-diag-gmm.cc:359) Too little data - removing Gaussian (weight 0.001379, occupation count 3.514974, vector size 39)
WARNING (gmm-est:MleDiagGmmUpdate():mle-diag-gmm.cc:359) Too little data - removing Gaussian (weight 0.003768, occupation count 9.603423, vector size 39)
WARNING (gmm-est:MleDiagGmmUpdate():mle-diag-gmm.cc:359) Too little data - removing Gaussian (weight 0.003338, occupation count 8.509360, vector size 39)
WARNING (gmm-est:MleDiagGmmUpdate():mle-diag-gmm.cc:365) Gaussian has too little data but not removing it because it is the last Gaussian: i = 0, occ = 0, weight = 1
WARNING (gmm-est:MleDiagGmmUpdate():mle-diag-gmm.cc:359) Too little data - removing Gaussian (weight 0.003261, occupation count 1.271599, vector size 39)
WARNING (gmm-est:MleDiagGmmUpdate():mle-diag-gmm.cc:359) Too little data - removing Gaussian (weight 0.005851, occupation count 2.281871, vector size 39)
WARNING (gmm-est:MleDiagGmmUpdate():mle-diag-gmm.cc:359) Too little data - removing Gaussian (weight 0.004604, occupation count 1.795597, vector size 39)
WARNING (gmm-est:MleDiagGmmUpdate():mle-diag-gmm.cc:359) Too little data - removing Gaussian (weight 0.005263, occupation count 2.052632, vector size 39)
WARNING (gmm-est:MleDiagGmmUpdate():mle-diag-gmm.cc:359) Too little data - removing Gaussian (weight 0.001535, occupation count 0.598605, vector size 39)
WARNING (gmm-est:MleDiagGmmUpdate():mle-diag-gmm.cc:359) Too little data - removing Gaussian (weight 0.004348, occupation count 1.695528, vector size 39)
WARNING (gmm-est:MleDiagGmmUpdate():mle-diag-gmm.cc:359) Too little data - removing Gaussian (weight 0.001990, occupation count 0.776058, vector size 39)
WARNING (gmm-est:MleDiagGmmUpdate():mle-diag-gmm.cc:359) Too little data - removing Gaussian (weight 0.022106, occupation count 8.621498, vector size 39)
WARNING (gmm-est:MleDiagGmmUpdate():mle-diag-gmm.cc:359) Too little data - removing Gaussian (weight 0.008296, occupation count 4.172917, vector size 39)
WARNING (gmm-est:MleDiagGmmUpdate():mle-diag-gmm.cc:359) Too little data - removing Gaussian (weight 0.012553, occupation count 6.314359, vector size 39)
WARNING (gmm-est:MleDiagGmmUpdate():mle-diag-gmm.cc:359) Too little data - removing Gaussian (weight 0.008569, occupation count 4.310444, vector size 39)
WARNING (gmm-est:MleDiagGmmUpdate():mle-diag-gmm.cc:359) Too little data - removing Gaussian (weight 0.015967, occupation count 8.031198, vector size 39)
WARNING (gmm-est:MleDiagGmmUpdate():mle-diag-gmm.cc:359) Too little data - removing Gaussian (weight 0.001030, occupation count 0.517903, vector size 39)
WARNING (gmm-est:MleDiagGmmUpdate():mle-diag-gmm.cc:359) Too little data - removing Gaussian (weight 0.017054, occupation count 8.578413, vector size 39)
WARNING (gmm-est:MleDiagGmmUpdate():mle-diag-gmm.cc:359) Too little data - removing Gaussian (weight 0.003604, occupation count 1.812765, vector size 39)
WARNING (gmm-est:MleDiagGmmUpdate():mle-diag-gmm.cc:359) Too little data - removing Gaussian (weight 0.002437, occupation count 1.225803, vector size 39)
WARNING (gmm-est:MleDiagGmmUpdate():mle-diag-gmm.cc:359) Too little data - removing Gaussian (weight 0.006569, occupation count 3.304145, vector size 39)
WARNING (gmm-est:MleDiagGmmUpdate():mle-diag-gmm.cc:359) Too little data - removing Gaussian (weight 0.006265, occupation count 3.151361, vector size 39)
WARNING (gmm-est:MleDiagGmmUpdate():mle-diag-gmm.cc:359) Too little data - removing Gaussian (weight 0.007480, occupation count 3.762516, vector size 39)
WARNING (gmm-est:MleDiagGmmUpdate():mle-diag-gmm.cc:359) Too little data - removing Gaussian (weight 0.050865, occupation count 7.884121, vector size 39)
WARNING (gmm-est:MleDiagGmmUpdate():mle-diag-gmm.cc:359) Too little data - removing Gaussian (weight 0.008787, occupation count 1.361935, vector size 39)
WARNING (gmm-est:MleDiagGmmUpdate():mle-diag-gmm.cc:359) Too little data - removing Gaussian (weight 0.014960, occupation count 2.318819, vector size 39)
WARNING (gmm-est:MleDiagGmmUpdate():mle-diag-gmm.cc:359) Too little data - removing Gaussian (weight 0.015684, occupation count 3.183812, vector size 39)
WARNING (gmm-est:MleDiagGmmUpdate():mle-diag-gmm.cc:359) Too little data - removing Gaussian (weight 0.031695, occupation count 6.434019, vector size 39)
WARNING (gmm-est:MleDiagGmmUpdate():mle-diag-gmm.cc:359) Too little data - removing Gaussian (weight 0.000771, occupation count 0.156501, vector size 39)
WARNING (gmm-est:MleDiagGmmUpdate():mle-diag-gmm.cc:359) Too little data - removing Gaussian (weight 0.023181, occupation count 5.911231, vector size 39)
WARNING (gmm-est:MleDiagGmmUpdate():mle-diag-gmm.cc:359) Too little data - removing Gaussian (weight 0.000019, occupation count 0.004877, vector size 39)
WARNING (gmm-est:MleDiagGmmUpdate():mle-diag-gmm.cc:359) Too little data - removing Gaussian (weight 0.029869, occupation count 3.315490, vector size 39)
WARNING (gmm-est:MleDiagGmmUpdate():mle-diag-gmm.cc:359) Too little data - removing Gaussian (weight 0.005828, occupation count 2.908012, vector size 39)
WARNING (gmm-est:MleDiagGmmUpdate():mle-diag-gmm.cc:359) Too little data - removing Gaussian (weight 0.000320, occupation count 0.159666, vector size 39)
WARNING (gmm-est:MleDiagGmmUpdate():mle-diag-gmm.cc:359) Too little data - removing Gaussian (weight 0.004282, occupation count 2.136835, vector size 39)
WARNING (gmm-est:MleDiagGmmUpdate():mle-diag-gmm.cc:359) Too little data - removing Gaussian (weight 0.015399, occupation count 7.684131, vector size 39)
WARNING (gmm-est:MleDiagGmmUpdate():mle-diag-gmm.cc:359) Too little data - removing Gaussian (weight 0.016204, occupation count 8.085939, vector size 39)
WARNING (gmm-est:MleDiagGmmUpdate():mle-diag-gmm.cc:359) Too little data - removing Gaussian (weight 0.018122, occupation count 9.042870, vector size 39)
WARNING (gmm-est:MleDiagGmmUpdate():mle-diag-gmm.cc:359) Too little data - removing Gaussian (weight 0.006803, occupation count 3.394577, vector size 39)
WARNING (gmm-est:MleDiagGmmUpdate():mle-diag-gmm.cc:359) Too little data - removing Gaussian (weight 0.017296, occupation count 8.630681, vector size 39)
WARNING (gmm-est:MleDiagGmmUpdate():mle-diag-gmm.cc:359) Too little data - removing Gaussian (weight 0.012544, occupation count 6.259290, vector size 39)
WARNING (gmm-est:MleDiagGmmUpdate():mle-diag-gmm.cc:359) Too little data - removing Gaussian (weight 0.005823, occupation count 2.905890, vector size 39)
WARNING (gmm-est:MleDiagGmmUpdate():mle-diag-gmm.cc:359) Too little data - removing Gaussian (weight 0.018335, occupation count 9.148992, vector size 39)
WARNING (gmm-est:MleDiagGmmUpdate():mle-diag-gmm.cc:359) Too little data - removing Gaussian (weight 0.003740, occupation count 0.994962, vector size 39)
WARNING (gmm-est:MleDiagGmmUpdate():mle-diag-gmm.cc:359) Too little data - removing Gaussian (weight 0.019247, occupation count 5.119795, vector size 39)
WARNING (gmm-est:MleDiagGmmUpdate():mle-diag-gmm.cc:359) Too little data - removing Gaussian (weight 0.009849, occupation count 2.619934, vector size 39)
WARNING (gmm-est:MleDiagGmmUpdate():mle-diag-gmm.cc:359) Too little data - removing Gaussian (weight 0.011528, occupation count 3.066324, vector size 39)
WARNING (gmm-est:MleDiagGmmUpdate():mle-diag-gmm.cc:359) Too little data - removing Gaussian (weight 0.002096, occupation count 0.557455, vector size 39)
WARNING (gmm-est:MleDiagGmmUpdate():mle-diag-gmm.cc:365) Gaussian has too little data but not removing it because it is the last Gaussian: i = 0, occ = 0, weight = 1
WARNING (gmm-est:MleDiagGmmUpdate():mle-diag-gmm.cc:359) Too little data - removing Gaussian (weight 0.071462, occupation count 7.074735, vector size 39)
WARNING (gmm-est:MleDiagGmmUpdate():mle-diag-gmm.cc:359) Too little data - removing Gaussian (weight 0.015217, occupation count 5.493408, vector size 39)
WARNING (gmm-est:MleDiagGmmUpdate():mle-diag-gmm.cc:359) Too little data - removing Gaussian (weight 0.017122, occupation count 6.181121, vector size 39)
WARNING (gmm-est:MleDiagGmmUpdate():mle-diag-gmm.cc:359) Too little data - removing Gaussian (weight 0.026058, occupation count 9.406968, vector size 39)
WARNING (gmm-est:MleDiagGmmUpdate():mle-diag-gmm.cc:359) Too little data - removing Gaussian (weight 0.023181, occupation count 8.368223, vector size 39)
WARNING (gmm-est:MleDiagGmmUpdate():mle-diag-gmm.cc:359) Too little data - removing Gaussian (weight 0.026958, occupation count 9.731818, vector size 39)
WARNING (gmm-est:MleDiagGmmUpdate():mle-diag-gmm.cc:359) Too little data - removing Gaussian (weight 0.013886, occupation count 5.012983, vector size 39)
WARNING (gmm-est:MleDiagGmmUpdate():mle-diag-gmm.cc:359) Too little data - removing Gaussian (weight 0.037134, occupation count 6.869832, vector size 39)
WARNING (gmm-est:MleDiagGmmUpdate():mle-diag-gmm.cc:359) Too little data - removing Gaussian (weight 0.040463, occupation count 7.485601, vector size 39)
WARNING (gmm-est:MleDiagGmmUpdate():mle-diag-gmm.cc:359) Too little data - removing Gaussian (weight 0.034455, occupation count 6.374164, vector size 39)
WARNING (gmm-est:MleDiagGmmUpdate():mle-diag-gmm.cc:359) Too little data - removing Gaussian (weight 0.026569, occupation count 3.135165, vector size 39)
WARNING (gmm-est:MleDiagGmmUpdate():mle-diag-gmm.cc:365) Gaussian has too little data but not removing it because it is the last Gaussian: i = 0, occ = 0, weight = 1
WARNING (gmm-est:MleDiagGmmUpdate():mle-diag-gmm.cc:359) Too little data - removing Gaussian (weight 0.001399, occupation count 0.436368, vector size 39)
WARNING (gmm-est:MleDiagGmmUpdate():mle-diag-gmm.cc:359) Too little data - removing Gaussian (weight 0.023330, occupation count 7.278886, vector size 39)
WARNING (gmm-est:MleDiagGmmUpdate():mle-diag-gmm.cc:359) Too little data - removing Gaussian (weight 0.001532, occupation count 2.380267, vector size 39)
WARNING (gmm-est:MleDiagGmmUpdate():mle-diag-gmm.cc:359) Too little data - removing Gaussian (weight 0.000554, occupation count 0.861068, vector size 39)
WARNING (gmm-est:MleDiagGmmUpdate():mle-diag-gmm.cc:359) Too little data - removing Gaussian (weight 0.001947, occupation count 3.026307, vector size 39)
WARNING (gmm-est:MleDiagGmmUpdate():mle-diag-gmm.cc:359) Too little data - removing Gaussian (weight 0.003811, occupation count 5.921907, vector size 39)
WARNING (gmm-est:MleDiagGmmUpdate():mle-diag-gmm.cc:359) Too little data - removing Gaussian (weight 0.003058, occupation count 4.751513, vector size 39)
WARNING (gmm-est:MleDiagGmmUpdate():mle-diag-gmm.cc:359) Too little data - removing Gaussian (weight 0.001527, occupation count 2.372917, vector size 39)
WARNING (gmm-est:MleDiagGmmUpdate():mle-diag-gmm.cc:359) Too little data - removing Gaussian (weight 0.003455, occupation count 5.368781, vector size 39)
WARNING (gmm-est:MleDiagGmmUpdate():mle-diag-gmm.cc:359) Too little data - removing Gaussian (weight 0.002758, occupation count 4.286267, vector size 39)
WARNING (gmm-est:MleDiagGmmUpdate():mle-diag-gmm.cc:359) Too little data - removing Gaussian (weight 0.004770, occupation count 7.411952, vector size 39)
WARNING (gmm-est:MleDiagGmmUpdate():mle-diag-gmm.cc:359) Too little data - removing Gaussian (weight 0.006183, occupation count 9.607971, vector size 39)
WARNING (gmm-est:MleDiagGmmUpdate():mle-diag-gmm.cc:359) Too little data - removing Gaussian (weight 0.003235, occupation count 5.026615, vector size 39)
WARNING (gmm-est:MleDiagGmmUpdate():mle-diag-gmm.cc:359) Too little data - removing Gaussian (weight 0.001791, occupation count 2.783755, vector size 39)
WARNING (gmm-est:MleDiagGmmUpdate():mle-diag-gmm.cc:359) Too little data - removing Gaussian (weight 0.004274, occupation count 6.642102, vector size 39)
WARNING (gmm-est:MleDiagGmmUpdate():mle-diag-gmm.cc:359) Too little data - removing Gaussian (weight 0.005555, occupation count 8.632154, vector size 39)
WARNING (gmm-est:MleDiagGmmUpdate():mle-diag-gmm.cc:359) Too little data - removing Gaussian (weight 0.002040, occupation count 3.170853, vector size 39)
WARNING (gmm-est:MleDiagGmmUpdate():mle-diag-gmm.cc:359) Too little data - removing Gaussian (weight 0.004384, occupation count 6.812298, vector size 39)
WARNING (gmm-est:MleDiagGmmUpdate():mle-diag-gmm.cc:359) Too little data - removing Gaussian (weight 0.005469, occupation count 8.498302, vector size 39)
WARNING (gmm-est:MleDiagGmmUpdate():mle-diag-gmm.cc:359) Too little data - removing Gaussian (weight 0.003048, occupation count 4.737212, vector size 39)
WARNING (gmm-est:MleDiagGmmUpdate():mle-diag-gmm.cc:359) Too little data - removing Gaussian (weight 0.005371, occupation count 8.346341, vector size 39)
WARNING (gmm-est:MleDiagGmmUpdate():mle-diag-gmm.cc:359) Too little data - removing Gaussian (weight 0.004829, occupation count 7.503870, vector size 39)
WARNING (gmm-est:MleDiagGmmUpdate():mle-diag-gmm.cc:359) Too little data - removing Gaussian (weight 0.006016, occupation count 9.349425, vector size 39)
WARNING (gmm-est:MleDiagGmmUpdate():mle-diag-gmm.cc:359) Too little data - removing Gaussian (weight 0.002281, occupation count 3.544980, vector size 39)
WARNING (gmm-est:MleDiagGmmUpdate():mle-diag-gmm.cc:359) Too little data - removing Gaussian (weight 0.002377, occupation count 3.693969, vector size 39)
WARNING (gmm-est:MleDiagGmmUpdate():mle-diag-gmm.cc:359) Too little data - removing Gaussian (weight 0.002278, occupation count 3.539892, vector size 39)
WARNING (gmm-est:MleDiagGmmUpdate():mle-diag-gmm.cc:359) Too little data - removing Gaussian (weight 0.002891, occupation count 4.492565, vector size 39)
WARNING (gmm-est:MleDiagGmmUpdate():mle-diag-gmm.cc:359) Too little data - removing Gaussian (weight 0.004928, occupation count 7.658322, vector size 39)
WARNING (gmm-est:MleDiagGmmUpdate():mle-diag-gmm.cc:359) Too little data - removing Gaussian (weight 0.005020, occupation count 7.800417, vector size 39)
WARNING (gmm-est:MleDiagGmmUpdate():mle-diag-gmm.cc:359) Too little data - removing Gaussian (weight 0.001733, occupation count 2.693844, vector size 39)
WARNING (gmm-est:MleDiagGmmUpdate():mle-diag-gmm.cc:359) Too little data - removing Gaussian (weight 0.001515, occupation count 2.354835, vector size 39)
WARNING (gmm-est:MleDiagGmmUpdate():mle-diag-gmm.cc:359) Too little data - removing Gaussian (weight 0.002698, occupation count 4.192193, vector size 39)
WARNING (gmm-est:MleDiagGmmUpdate():mle-diag-gmm.cc:359) Too little data - removing Gaussian (weight 0.003026, occupation count 4.702993, vector size 39)
WARNING (gmm-est:MleDiagGmmUpdate():mle-diag-gmm.cc:359) Too little data - removing Gaussian (weight 0.085527, occupation count 9.065892, vector size 39)
WARNING (gmm-est:MleDiagGmmUpdate():mle-diag-gmm.cc:359) Too little data - removing Gaussian (weight 0.011163, occupation count 7.869714, vector size 39)
WARNING (gmm-est:MleDiagGmmUpdate():mle-diag-gmm.cc:359) Too little data - removing Gaussian (weight 0.009772, occupation count 6.888973, vector size 39)
WARNING (gmm-est:MleDiagGmmUpdate():mle-diag-gmm.cc:359) Too little data - removing Gaussian (weight 0.005642, occupation count 3.977818, vector size 39)
WARNING (gmm-est:MleDiagGmmUpdate():mle-diag-gmm.cc:359) Too little data - removing Gaussian (weight 0.000502, occupation count 0.353963, vector size 39)
WARNING (gmm-est:MleDiagGmmUpdate():mle-diag-gmm.cc:359) Too little data - removing Gaussian (weight 0.001696, occupation count 1.195669, vector size 39)
WARNING (gmm-est:MleDiagGmmUpdate():mle-diag-gmm.cc:359) Too little data - removing Gaussian (weight 0.007186, occupation count 5.065896, vector size 39)
WARNING (gmm-est:MleDiagGmmUpdate():mle-diag-gmm.cc:359) Too little data - removing Gaussian (weight 0.006001, occupation count 4.230972, vector size 39)
WARNING (gmm-est:MleDiagGmmUpdate():mle-diag-gmm.cc:359) Too little data - removing Gaussian (weight 0.000786, occupation count 0.554317, vector size 39)
WARNING (gmm-est:MleDiagGmmUpdate():mle-diag-gmm.cc:359) Too little data - removing Gaussian (weight 0.013125, occupation count 9.253004, vector size 39)
WARNING (gmm-est:MleDiagGmmUpdate():mle-diag-gmm.cc:359) Too little data - removing Gaussian (weight 0.004370, occupation count 3.080591, vector size 39)
WARNING (gmm-est:MleDiagGmmUpdate():mle-diag-gmm.cc:359) Too little data - removing Gaussian (weight 0.003883, occupation count 2.737316, vector size 39)
WARNING (gmm-est:MleDiagGmmUpdate():mle-diag-gmm.cc:359) Too little data - removing Gaussian (weight 0.004894, occupation count 3.450192, vector size 39)
WARNING (gmm-est:MleDiagGmmUpdate():mle-diag-gmm.cc:359) Too little data - removing Gaussian (weight 0.002339, occupation count 1.649258, vector size 39)
WARNING (gmm-est:MleDiagGmmUpdate():mle-diag-gmm.cc:359) Too little data - removing Gaussian (weight 0.012479, occupation count 8.797804, vector size 39)
WARNING (gmm-est:MleDiagGmmUpdate():mle-diag-gmm.cc:359) Too little data - removing Gaussian (weight 0.003806, occupation count 2.683224, vector size 39)
WARNING (gmm-est:MleDiagGmmUpdate():mle-diag-gmm.cc:359) Too little data - removing Gaussian (weight 0.011124, occupation count 7.842075, vector size 39)
WARNING (gmm-est:MleDiagGmmUpdate():mle-diag-gmm.cc:359) Too little data - removing Gaussian (weight 0.011060, occupation count 9.345312, vector size 39)
WARNING (gmm-est:MleDiagGmmUpdate():mle-diag-gmm.cc:359) Too little data - removing Gaussian (weight 0.006221, occupation count 5.256388, vector size 39)
WARNING (gmm-est:MleDiagGmmUpdate():mle-diag-gmm.cc:359) Too little data - removing Gaussian (weight 0.004805, occupation count 4.060094, vector size 39)
WARNING (gmm-est:MleDiagGmmUpdate():mle-diag-gmm.cc:359) Too little data - removing Gaussian (weight 0.009025, occupation count 7.626448, vector size 39)
WARNING (gmm-est:MleDiagGmmUpdate():mle-diag-gmm.cc:359) Too little data - removing Gaussian (weight 0.005321, occupation count 4.496121, vector size 39)
WARNING (gmm-est:MleDiagGmmUpdate():mle-diag-gmm.cc:359) Too little data - removing Gaussian (weight 0.011012, occupation count 9.304740, vector size 39)
WARNING (gmm-est:MleDiagGmmUpdate():mle-diag-gmm.cc:359) Too little data - removing Gaussian (weight 0.007632, occupation count 6.448953, vector size 39)
WARNING (gmm-est:MleDiagGmmUpdate():mle-diag-gmm.cc:359) Too little data - removing Gaussian (weight 0.011429, occupation count 9.657808, vector size 39)
WARNING (gmm-est:MleDiagGmmUpdate():mle-diag-gmm.cc:359) Too little data - removing Gaussian (weight 0.004899, occupation count 4.139748, vector size 39)
WARNING (gmm-est:MleDiagGmmUpdate():mle-diag-gmm.cc:359) Too little data - removing Gaussian (weight 0.007411, occupation count 6.262656, vector size 39)
WARNING (gmm-est:MleDiagGmmUpdate():mle-diag-gmm.cc:359) Too little data - removing Gaussian (weight 0.005564, occupation count 4.701908, vector size 39)
WARNING (gmm-est:MleDiagGmmUpdate():mle-diag-gmm.cc:359) Too little data - removing Gaussian (weight 0.001143, occupation count 0.465084, vector size 39)
WARNING (gmm-est:MleDiagGmmUpdate():mle-diag-gmm.cc:359) Too little data - removing Gaussian (weight 0.014444, occupation count 5.878560, vector size 39)
WARNING (gmm-est:MleDiagGmmUpdate():mle-diag-gmm.cc:359) Too little data - removing Gaussian (weight 0.001488, occupation count 0.605490, vector size 39)
WARNING (gmm-est:MleDiagGmmUpdate():mle-diag-gmm.cc:359) Too little data - removing Gaussian (weight 0.014288, occupation count 5.815051, vector size 39)
WARNING (gmm-est:MleDiagGmmUpdate():mle-diag-gmm.cc:359) Too little data - removing Gaussian (weight 0.016012, occupation count 6.516684, vector size 39)
WARNING (gmm-est:MleDiagGmmUpdate():mle-diag-gmm.cc:359) Too little data - removing Gaussian (weight 0.000473, occupation count 0.192538, vector size 39)
WARNING (gmm-est:MleDiagGmmUpdate():mle-diag-gmm.cc:359) Too little data - removing Gaussian (weight 0.001918, occupation count 0.780604, vector size 39)
WARNING (gmm-est:MleDiagGmmUpdate():mle-diag-gmm.cc:359) Too little data - removing Gaussian (weight 0.023494, occupation count 9.562065, vector size 39)
WARNING (gmm-est:MleDiagGmmUpdate():mle-diag-gmm.cc:359) Too little data - removing Gaussian (weight 0.006060, occupation count 2.466606, vector size 39)
WARNING (gmm-est:MleDiagGmmUpdate():mle-diag-gmm.cc:359) Too little data - removing Gaussian (weight 0.018914, occupation count 7.698059, vector size 39)
WARNING (gmm-est:MleDiagGmmUpdate():mle-diag-gmm.cc:359) Too little data - removing Gaussian (weight 0.031895, occupation count 5.964406, vector size 39)
WARNING (gmm-est:MleDiagGmmUpdate():mle-diag-gmm.cc:359) Too little data - removing Gaussian (weight 0.041732, occupation count 7.803908, vector size 39)
WARNING (gmm-est:MleDiagGmmUpdate():mle-diag-gmm.cc:359) Too little data - removing Gaussian (weight 0.010551, occupation count 2.553445, vector size 39)
WARNING (gmm-est:MleDiagGmmUpdate():mle-diag-gmm.cc:359) Too little data - removing Gaussian (weight 0.038612, occupation count 9.344168, vector size 39)
WARNING (gmm-est:MleDiagGmmUpdate():mle-diag-gmm.cc:359) Too little data - removing Gaussian (weight 0.026417, occupation count 6.392942, vector size 39)
WARNING (gmm-est:MleDiagGmmUpdate():mle-diag-gmm.cc:359) Too little data - removing Gaussian (weight 0.040629, occupation count 9.832310, vector size 39)
WARNING (gmm-est:MleDiagGmmUpdate():mle-diag-gmm.cc:359) Too little data - removing Gaussian (weight 0.037219, occupation count 9.007104, vector size 39)
WARNING (gmm-est:MleDiagGmmUpdate():mle-diag-gmm.cc:359) Too little data - removing Gaussian (weight 0.009074, occupation count 2.195939, vector size 39)
WARNING (gmm-est:MleDiagGmmUpdate():mle-diag-gmm.cc:359) Too little data - removing Gaussian (weight 0.034337, occupation count 8.309560, vector size 39)
WARNING (gmm-est:MleDiagGmmUpdate():mle-diag-gmm.cc:359) Too little data - removing Gaussian (weight 0.005014, occupation count 1.213425, vector size 39)
WARNING (gmm-est:MleDiagGmmUpdate():mle-diag-gmm.cc:359) Too little data - removing Gaussian (weight 0.040486, occupation count 9.797581, vector size 39)
WARNING (gmm-est:MleDiagGmmUpdate():mle-diag-gmm.cc:359) Too little data - removing Gaussian (weight 0.009681, occupation count 5.740716, vector size 39)
WARNING (gmm-est:MleDiagGmmUpdate():mle-diag-gmm.cc:359) Too little data - removing Gaussian (weight 0.004474, occupation count 2.653185, vector size 39)
WARNING (gmm-est:MleDiagGmmUpdate():mle-diag-gmm.cc:359) Too little data - removing Gaussian (weight 0.015518, occupation count 9.202298, vector size 39)
WARNING (gmm-est:MleDiagGmmUpdate():mle-diag-gmm.cc:359) Too little data - removing Gaussian (weight 0.007797, occupation count 4.623594, vector size 39)
WARNING (gmm-est:MleDiagGmmUpdate():mle-diag-gmm.cc:359) Too little data - removing Gaussian (weight 0.010933, occupation count 6.483157, vector size 39)
WARNING (gmm-est:MleDiagGmmUpdate():mle-diag-gmm.cc:359) Too little data - removing Gaussian (weight 0.015710, occupation count 9.316031, vector size 39)
WARNING (gmm-est:MleDiagGmmUpdate():mle-diag-gmm.cc:359) Too little data - removing Gaussian (weight 0.013922, occupation count 8.255643, vector size 39)
WARNING (gmm-est:MleDiagGmmUpdate():mle-diag-gmm.cc:359) Too little data - removing Gaussian (weight 0.004929, occupation count 2.923159, vector size 39)
WARNING (gmm-est:MleDiagGmmUpdate():mle-diag-gmm.cc:359) Too little data - removing Gaussian (weight 0.007279, occupation count 4.316206, vector size 39)
WARNING (gmm-est:MleDiagGmmUpdate():mle-diag-gmm.cc:359) Too little data - removing Gaussian (weight 0.009928, occupation count 5.887064, vector size 39)
WARNING (gmm-est:MleDiagGmmUpdate():mle-diag-gmm.cc:359) Too little data - removing Gaussian (weight 0.011908, occupation count 7.061704, vector size 39)
WARNING (gmm-est:MleDiagGmmUpdate():mle-diag-gmm.cc:359) Too little data - removing Gaussian (weight 0.006694, occupation count 3.969628, vector size 39)
WARNING (gmm-est:MleDiagGmmUpdate():mle-diag-gmm.cc:359) Too little data - removing Gaussian (weight 0.005887, occupation count 3.490805, vector size 39)
WARNING (gmm-est:MleDiagGmmUpdate():mle-diag-gmm.cc:359) Too little data - removing Gaussian (weight 0.021787, occupation count 5.773481, vector size 39)
WARNING (gmm-est:MleDiagGmmUpdate():mle-diag-gmm.cc:359) Too little data - removing Gaussian (weight 0.014865, occupation count 3.939313, vector size 39)
WARNING (gmm-est:MleDiagGmmUpdate():mle-diag-gmm.cc:359) Too little data - removing Gaussian (weight 0.010933, occupation count 2.897347, vector size 39)
WARNING (gmm-est:MleDiagGmmUpdate():mle-diag-gmm.cc:359) Too little data - removing Gaussian (weight 0.027567, occupation count 7.305210, vector size 39)
WARNING (gmm-est:MleDiagGmmUpdate():mle-diag-gmm.cc:359) Too little data - removing Gaussian (weight 0.005014, occupation count 1.880208, vector size 39)
WARNING (gmm-est:MleDiagGmmUpdate():mle-diag-gmm.cc:359) Too little data - removing Gaussian (weight 0.009833, occupation count 3.687294, vector size 39)
WARNING (gmm-est:MleDiagGmmUpdate():mle-diag-gmm.cc:359) Too little data - removing Gaussian (weight 0.005735, occupation count 2.150598, vector size 39)
WARNING (gmm-est:MleDiagGmmUpdate():mle-diag-gmm.cc:359) Too little data - removing Gaussian (weight 0.010828, occupation count 4.060407, vector size 39)
WARNING (gmm-est:MleDiagGmmUpdate():mle-diag-gmm.cc:359) Too little data - removing Gaussian (weight 0.001498, occupation count 0.561930, vector size 39)
WARNING (gmm-est:MleDiagGmmUpdate():mle-diag-gmm.cc:359) Too little data - removing Gaussian (weight 0.001207, occupation count 0.452592, vector size 39)
WARNING (gmm-est:MleDiagGmmUpdate():mle-diag-gmm.cc:359) Too little data - removing Gaussian (weight 0.025652, occupation count 9.619466, vector size 39)
WARNING (gmm-est:MleDiagGmmUpdate():mle-diag-gmm.cc:359) Too little data - removing Gaussian (weight 0.001341, occupation count 0.502989, vector size 39)
WARNING (gmm-est:MleDiagGmmUpdate():mle-diag-gmm.cc:359) Too little data - removing Gaussian (weight 0.003965, occupation count 1.788390, vector size 39)
WARNING (gmm-est:MleDiagGmmUpdate():mle-diag-gmm.cc:359) Too little data - removing Gaussian (weight 0.006454, occupation count 2.910729, vector size 39)
WARNING (gmm-est:MleDiagGmmUpdate():mle-diag-gmm.cc:359) Too little data - removing Gaussian (weight 0.003036, occupation count 1.369060, vector size 39)
WARNING (gmm-est:MleDiagGmmUpdate():mle-diag-gmm.cc:359) Too little data - removing Gaussian (weight 0.008070, occupation count 3.639745, vector size 39)
WARNING (gmm-est:MleDiagGmmUpdate():mle-diag-gmm.cc:359) Too little data - removing Gaussian (weight 0.004118, occupation count 1.857274, vector size 39)
WARNING (gmm-est:MleDiagGmmUpdate():mle-diag-gmm.cc:359) Too little data - removing Gaussian (weight 0.007961, occupation count 3.590188, vector size 39)
WARNING (gmm-est:MleDiagGmmUpdate():mle-diag-gmm.cc:359) Too little data - removing Gaussian (weight 0.011701, occupation count 5.277356, vector size 39)
WARNING (gmm-est:MleDiagGmmUpdate():mle-diag-gmm.cc:359) Too little data - removing Gaussian (weight 0.009481, occupation count 4.275765, vector size 39)
WARNING (gmm-est:MleDiagGmmUpdate():mle-diag-gmm.cc:359) Too little data - removing Gaussian (weight 0.003912, occupation count 1.764427, vector size 39)
WARNING (gmm-est:MleDiagGmmUpdate():mle-diag-gmm.cc:359) Too little data - removing Gaussian (weight 0.011554, occupation count 5.211027, vector size 39)
WARNING (gmm-est:MleDiagGmmUpdate():mle-diag-gmm.cc:359) Too little data - removing Gaussian (weight 0.004201, occupation count 0.915824, vector size 39)
WARNING (gmm-est:MleDiagGmmUpdate():mle-diag-gmm.cc:359) Too little data - removing Gaussian (weight 0.017729, occupation count 3.864857, vector size 39)
WARNING (gmm-est:MleDiagGmmUpdate():mle-diag-gmm.cc:359) Too little data - removing Gaussian (weight 0.015616, occupation count 3.404342, vector size 39)
WARNING (gmm-est:MleDiagGmmUpdate():mle-diag-gmm.cc:359) Too little data - removing Gaussian (weight 0.027465, occupation count 5.987329, vector size 39)
WARNING (gmm-est:MleDiagGmmUpdate():mle-diag-gmm.cc:359) Too little data - removing Gaussian (weight 0.109004, occupation count 7.412246, vector size 39)
WARNING (gmm-est:MleDiagGmmUpdate():mle-diag-gmm.cc:359) Too little data - removing Gaussian (weight 0.029952, occupation count 7.577820, vector size 39)
WARNING (gmm-est:MleDiagGmmUpdate():mle-diag-gmm.cc:359) Too little data - removing Gaussian (weight 0.011326, occupation count 2.865442, vector size 39)
WARNING (gmm-est:MleDiagGmmUpdate():mle-diag-gmm.cc:359) Too little data - removing Gaussian (weight 0.033820, occupation count 8.556406, vector size 39)
WARNING (gmm-est:MleDiagGmmUpdate():mle-diag-gmm.cc:359) Too little data - removing Gaussian (weight 0.002378, occupation count 0.677676, vector size 39)
WARNING (gmm-est:MleDiagGmmUpdate():mle-diag-gmm.cc:359) Too little data - removing Gaussian (weight 0.004865, occupation count 1.386664, vector size 39)
WARNING (gmm-est:MleDiagGmmUpdate():mle-diag-gmm.cc:359) Too little data - removing Gaussian (weight 0.000249, occupation count 0.070890, vector size 39)
WARNING (gmm-est:MleDiagGmmUpdate():mle-diag-gmm.cc:359) Too little data - removing Gaussian (weight 0.009163, occupation count 2.611544, vector size 39)
WARNING (gmm-est:MleDiagGmmUpdate():mle-diag-gmm.cc:359) Too little data - removing Gaussian (weight 0.008892, occupation count 2.534215, vector size 39)
WARNING (gmm-est:MleDiagGmmUpdate():mle-diag-gmm.cc:359) Too little data - removing Gaussian (weight 0.013124, occupation count 3.740213, vector size 39)
WARNING (gmm-est:MleDiagGmmUpdate():mle-diag-gmm.cc:359) Too little data - removing Gaussian (weight 0.011300, occupation count 3.220577, vector size 39)
WARNING (gmm-est:MleDiagGmmUpdate():mle-diag-gmm.cc:359) Too little data - removing Gaussian (weight 0.000426, occupation count 0.076284, vector size 39)
WARNING (gmm-est:MleDiagGmmUpdate():mle-diag-gmm.cc:359) Too little data - removing Gaussian (weight 0.000828, occupation count 0.148188, vector size 39)
WARNING (gmm-est:MleDiagGmmUpdate():mle-diag-gmm.cc:359) Too little data - removing Gaussian (weight 0.054060, occupation count 9.676793, vector size 39)
WARNING (gmm-est:MleDiagGmmUpdate():mle-diag-gmm.cc:359) Too little data - removing Gaussian (weight 0.000113, occupation count 0.020189, vector size 39)
WARNING (gmm-est:MleDiagGmmUpdate():mle-diag-gmm.cc:359) Too little data - removing Gaussian (weight 0.016573, occupation count 2.966554, vector size 39)
WARNING (gmm-est:MleDiagGmmUpdate():mle-diag-gmm.cc:359) Too little data - removing Gaussian (weight 0.000559, occupation count 0.121223, vector size 39)
WARNING (gmm-est:MleDiagGmmUpdate():mle-diag-gmm.cc:359) Too little data - removing Gaussian (weight 0.030940, occupation count 6.713892, vector size 39)
WARNING (gmm-est:MleDiagGmmUpdate():mle-diag-gmm.cc:359) Too little data - removing Gaussian (weight 0.014306, occupation count 3.104416, vector size 39)
WARNING (gmm-est:MleDiagGmmUpdate():mle-diag-gmm.cc:359) Too little data - removing Gaussian (weight 0.028506, occupation count 6.185854, vector size 39)
WARNING (gmm-est:MleDiagGmmUpdate():mle-diag-gmm.cc:359) Too little data - removing Gaussian (weight 0.005420, occupation count 1.176173, vector size 39)
WARNING (gmm-est:MleDiagGmmUpdate():mle-diag-gmm.cc:359) Too little data - removing Gaussian (weight 0.032473, occupation count 7.046576, vector size 39)
WARNING (gmm-est:MleDiagGmmUpdate():mle-diag-gmm.cc:359) Too little data - removing Gaussian (weight 0.023981, occupation count 1.990463, vector size 39)
WARNING (gmm-est:MleDiagGmmUpdate():mle-diag-gmm.cc:359) Too little data - removing Gaussian (weight 0.016338, occupation count 3.382034, vector size 39)
WARNING (gmm-est:MleDiagGmmUpdate():mle-diag-gmm.cc:359) Too little data - removing Gaussian (weight 0.001009, occupation count 0.208932, vector size 39)
WARNING (gmm-est:MleDiagGmmUpdate():mle-diag-gmm.cc:359) Too little data - removing Gaussian (weight 0.083419, occupation count 8.425330, vector size 39)
WARNING (gmm-est:MleDiagGmmUpdate():mle-diag-gmm.cc:359) Too little data - removing Gaussian (weight 0.048718, occupation count 8.087120, vector size 39)
WARNING (gmm-est:MleDiagGmmUpdate():mle-diag-gmm.cc:359) Too little data - removing Gaussian (weight 0.046334, occupation count 7.691509, vector size 39)
WARNING (gmm-est:MleDiagGmmUpdate():mle-diag-gmm.cc:359) Too little data - removing Gaussian (weight 0.023139, occupation count 3.841142, vector size 39)
WARNING (gmm-est:MleDiagGmmUpdate():mle-diag-gmm.cc:359) Too little data - removing Gaussian (weight 0.021782, occupation count 3.180135, vector size 39)
WARNING (gmm-est:MleDiagGmmUpdate():mle-diag-gmm.cc:359) Too little data - removing Gaussian (weight 0.020459, occupation count 6.158165, vector size 39)
WARNING (gmm-est:MleDiagGmmUpdate():mle-diag-gmm.cc:359) Too little data - removing Gaussian (weight 0.009380, occupation count 2.823379, vector size 39)
WARNING (gmm-est:MleDiagGmmUpdate():mle-diag-gmm.cc:359) Too little data - removing Gaussian (weight 0.000803, occupation count 0.241612, vector size 39)
WARNING (gmm-est:MleDiagGmmUpdate():mle-diag-gmm.cc:359) Too little data - removing Gaussian (weight 0.015710, occupation count 4.728635, vector size 39)
WARNING (gmm-est:MleDiagGmmUpdate():mle-diag-gmm.cc:359) Too little data - removing Gaussian (weight 0.000255, occupation count 0.076800, vector size 39)
WARNING (gmm-est:MleDiagGmmUpdate():mle-diag-gmm.cc:359) Too little data - removing Gaussian (weight 0.000411, occupation count 0.123732, vector size 39)
WARNING (gmm-est:MleDiagGmmUpdate():mle-diag-gmm.cc:359) Too little data - removing Gaussian (weight 0.013478, occupation count 2.493352, vector size 39)
WARNING (gmm-est:MleDiagGmmUpdate():mle-diag-gmm.cc:359) Too little data - removing Gaussian (weight 0.016021, occupation count 2.963865, vector size 39)
WARNING (gmm-est:MleDiagGmmUpdate():mle-diag-gmm.cc:359) Too little data - removing Gaussian (weight 0.047173, occupation count 8.727084, vector size 39)
WARNING (gmm-est:MleDiagGmmUpdate():mle-diag-gmm.cc:359) Too little data - removing Gaussian (weight 0.027607, occupation count 5.990645, vector size 39)
WARNING (gmm-est:MleDiagGmmUpdate():mle-diag-gmm.cc:359) Too little data - removing Gaussian (weight 0.023604, occupation count 8.355938, vector size 39)
WARNING (gmm-est:MleDiagGmmUpdate():mle-diag-gmm.cc:359) Too little data - removing Gaussian (weight 0.010415, occupation count 3.686773, vector size 39)
WARNING (gmm-est:MleDiagGmmUpdate():mle-diag-gmm.cc:359) Too little data - removing Gaussian (weight 0.022285, occupation count 7.888776, vector size 39)
WARNING (gmm-est:MleDiagGmmUpdate():mle-diag-gmm.cc:359) Too little data - removing Gaussian (weight 0.013169, occupation count 4.661954, vector size 39)
WARNING (gmm-est:MleDiagGmmUpdate():mle-diag-gmm.cc:359) Too little data - removing Gaussian (weight 0.010176, occupation count 3.602237, vector size 39)
WARNING (gmm-est:MleDiagGmmUpdate():mle-diag-gmm.cc:359) Too little data - removing Gaussian (weight 0.051331, occupation count 9.136984, vector size 39)
WARNING (gmm-est:MleDiagGmmUpdate():mle-diag-gmm.cc:359) Too little data - removing Gaussian (weight 0.024507, occupation count 4.362302, vector size 39)
WARNING (gmm-est:MleDiagGmmUpdate():mle-diag-gmm.cc:359) Too little data - removing Gaussian (weight 0.012574, occupation count 2.414266, vector size 39)
WARNING (gmm-est:MleDiagGmmUpdate():mle-diag-gmm.cc:359) Too little data - removing Gaussian (weight 0.041335, occupation count 7.936394, vector size 39)
WARNING (gmm-est:MleDiagGmmUpdate():mle-diag-gmm.cc:359) Too little data - removing Gaussian (weight 0.030315, occupation count 4.456349, vector size 39)
WARNING (gmm-est:MleDiagGmmUpdate():mle-diag-gmm.cc:359) Too little data - removing Gaussian (weight 0.040658, occupation count 5.976749, vector size 39)
WARNING (gmm-est:MleDiagGmmUpdate():mle-diag-gmm.cc:359) Too little data - removing Gaussian (weight 0.002056, occupation count 0.302207, vector size 39)
WARNING (gmm-est:MleDiagGmmUpdate():mle-diag-gmm.cc:359) Too little data - removing Gaussian (weight 0.050748, occupation count 7.459925, vector size 39)
WARNING (gmm-est:MleDiagGmmUpdate():mle-diag-gmm.cc:359) Too little data - removing Gaussian (weight 0.020956, occupation count 4.128298, vector size 39)
WARNING (gmm-est:MleDiagGmmUpdate():mle-diag-gmm.cc:359) Too little data - removing Gaussian (weight 0.014996, occupation count 2.954242, vector size 39)
WARNING (gmm-est:MleDiagGmmUpdate():mle-diag-gmm.cc:359) Too little data - removing Gaussian (weight 0.001818, occupation count 0.358066, vector size 39)
WARNING (gmm-est:MleDiagGmmUpdate():mle-diag-gmm.cc:359) Too little data - removing Gaussian (weight 0.018299, occupation count 4.556572, vector size 39)
WARNING (gmm-est:MleDiagGmmUpdate():mle-diag-gmm.cc:359) Too little data - removing Gaussian (weight 0.036145, occupation count 9.000209, vector size 39)
WARNING (gmm-est:MleDiagGmmUpdate():mle-diag-gmm.cc:359) Too little data - removing Gaussian (weight 0.009987, occupation count 2.486850, vector size 39)
WARNING (gmm-est:MleDiagGmmUpdate():mle-diag-gmm.cc:359) Too little data - removing Gaussian (weight 0.033210, occupation count 8.269268, vector size 39)
WARNING (gmm-est:MleDiagGmmUpdate():mle-diag-gmm.cc:359) Too little data - removing Gaussian (weight 0.001371, occupation count 0.341268, vector size 39)
WARNING (gmm-est:MleDiagGmmUpdate():mle-diag-gmm.cc:359) Too little data - removing Gaussian (weight 0.001930, occupation count 0.480644, vector size 39)
WARNING (gmm-est:MleDiagGmmUpdate():mle-diag-gmm.cc:359) Too little data - removing Gaussian (weight 0.001708, occupation count 0.425198, vector size 39)
WARNING (gmm-est:MleDiagGmmUpdate():mle-diag-gmm.cc:359) Too little data - removing Gaussian (weight 0.005991, occupation count 2.396356, vector size 39)
WARNING (gmm-est:MleDiagGmmUpdate():mle-diag-gmm.cc:359) Too little data - removing Gaussian (weight 0.004193, occupation count 1.677343, vector size 39)
WARNING (gmm-est:MleDiagGmmUpdate():mle-diag-gmm.cc:359) Too little data - removing Gaussian (weight 0.016640, occupation count 6.655943, vector size 39)
WARNING (gmm-est:MleDiagGmmUpdate():mle-diag-gmm.cc:359) Too little data - removing Gaussian (weight 0.002760, occupation count 1.104153, vector size 39)
WARNING (gmm-est:MleDiagGmmUpdate():mle-diag-gmm.cc:359) Too little data - removing Gaussian (weight 0.006711, occupation count 2.684375, vector size 39)
WARNING (gmm-est:MleDiagGmmUpdate():mle-diag-gmm.cc:359) Too little data - removing Gaussian (weight 0.014900, occupation count 5.960109, vector size 39)
WARNING (gmm-est:MleDiagGmmUpdate():mle-diag-gmm.cc:359) Too little data - removing Gaussian (weight 0.013249, occupation count 5.299559, vector size 39)
WARNING (gmm-est:MleDiagGmmUpdate():mle-diag-gmm.cc:359) Too little data - removing Gaussian (weight 0.024369, occupation count 9.747415, vector size 39)
WARNING (gmm-est:MleDiagGmmUpdate():mle-diag-gmm.cc:359) Too little data - removing Gaussian (weight 0.016028, occupation count 2.003525, vector size 39)
WARNING (gmm-est:MleDiagGmmUpdate():mle-diag-gmm.cc:359) Too little data - removing Gaussian (weight 0.073338, occupation count 9.167193, vector size 39)
WARNING (gmm-est:MleDiagGmmUpdate():mle-diag-gmm.cc:359) Too little data - removing Gaussian (weight 0.000208, occupation count 0.031036, vector size 39)
WARNING (gmm-est:MleDiagGmmUpdate():mle-diag-gmm.cc:359) Too little data - removing Gaussian (weight 0.021696, occupation count 3.232632, vector size 39)
WARNING (gmm-est:MleDiagGmmUpdate():mle-diag-gmm.cc:359) Too little data - removing Gaussian (weight 0.041359, occupation count 6.493304, vector size 39)
WARNING (gmm-est:MleDiagGmmUpdate():mle-diag-gmm.cc:359) Too little data - removing Gaussian (weight 0.028937, occupation count 4.543103, vector size 39)
WARNING (gmm-est:MleDiagGmmUpdate():mle-diag-gmm.cc:359) Too little data - removing Gaussian (weight 0.039585, occupation count 6.214787, vector size 39)
WARNING (gmm-est:MleDiagGmmUpdate():mle-diag-gmm.cc:359) Too little data - removing Gaussian (weight 0.043218, occupation count 6.136968, vector size 39)
WARNING (gmm-est:MleDiagGmmUpdate():mle-diag-gmm.cc:365) Gaussian has too little data but not removing it because it is the last Gaussian: i = 0, occ = 6, weight = 1
WARNING (gmm-est:MleDiagGmmUpdate():mle-diag-gmm.cc:359) Too little data - removing Gaussian (weight 0.032130, occupation count 7.164983, vector size 39)
WARNING (gmm-est:MleDiagGmmUpdate():mle-diag-gmm.cc:359) Too little data - removing Gaussian (weight 0.004614, occupation count 1.028936, vector size 39)
WARNING (gmm-est:MleDiagGmmUpdate():mle-diag-gmm.cc:359) Too little data - removing Gaussian (weight 0.001495, occupation count 0.333478, vector size 39)
WARNING (gmm-est:MleDiagGmmUpdate():mle-diag-gmm.cc:359) Too little data - removing Gaussian (weight 0.049184, occupation count 5.262644, vector size 39)
WARNING (gmm-est:MleDiagGmmUpdate():mle-diag-gmm.cc:359) Too little data - removing Gaussian (weight 0.066717, occupation count 5.537539, vector size 39)
WARNING (gmm-est:MleDiagGmmUpdate():mle-diag-gmm.cc:359) Too little data - removing Gaussian (weight 0.025752, occupation count 5.433740, vector size 39)
WARNING (gmm-est:MleDiagGmmUpdate():mle-diag-gmm.cc:359) Too little data - removing Gaussian (weight 0.007163, occupation count 1.511497, vector size 39)
WARNING (gmm-est:MleDiagGmmUpdate():mle-diag-gmm.cc:359) Too little data - removing Gaussian (weight 0.017509, occupation count 3.694324, vector size 39)
WARNING (gmm-est:MleDiagGmmUpdate():mle-diag-gmm.cc:359) Too little data - removing Gaussian (weight 0.024288, occupation count 5.124853, vector size 39)
WARNING (gmm-est:MleDiagGmmUpdate():mle-diag-gmm.cc:359) Too little data - removing Gaussian (weight 0.049889, occupation count 4.889140, vector size 39)
WARNING (gmm-est:MleDiagGmmUpdate():mle-diag-gmm.cc:359) Too little data - removing Gaussian (weight 0.038733, occupation count 2.943677, vector size 39)
WARNING (gmm-est:MleDiagGmmUpdate():mle-diag-gmm.cc:359) Too little data - removing Gaussian (weight 0.074309, occupation count 6.985059, vector size 39)
WARNING (gmm-est:MleDiagGmmUpdate():mle-diag-gmm.cc:359) Too little data - removing Gaussian (weight 0.040966, occupation count 9.053376, vector size 39)
WARNING (gmm-est:MleDiagGmmUpdate():mle-diag-gmm.cc:359) Too little data - removing Gaussian (weight 0.003134, occupation count 0.366681, vector size 39)
WARNING (gmm-est:MleDiagGmmUpdate():mle-diag-gmm.cc:359) Too little data - removing Gaussian (weight 0.026844, occupation count 4.939292, vector size 39)
WARNING (gmm-est:MleDiagGmmUpdate():mle-diag-gmm.cc:359) Too little data - removing Gaussian (weight 0.031273, occupation count 5.754154, vector size 39)
WARNING (gmm-est:MleDiagGmmUpdate():mle-diag-gmm.cc:359) Too little data - removing Gaussian (weight 0.043268, occupation count 7.961296, vector size 39)
WARNING (gmm-est:MleDiagGmmUpdate():mle-diag-gmm.cc:359) Too little data - removing Gaussian (weight 0.016068, occupation count 2.956584, vector size 39)
WARNING (gmm-est:MleDiagGmmUpdate():mle-diag-gmm.cc:359) Too little data - removing Gaussian (weight 0.005902, occupation count 1.392858, vector size 39)
WARNING (gmm-est:MleDiagGmmUpdate():mle-diag-gmm.cc:359) Too little data - removing Gaussian (weight 0.008435, occupation count 1.990639, vector size 39)
WARNING (gmm-est:MleDiagGmmUpdate():mle-diag-gmm.cc:359) Too little data - removing Gaussian (weight 0.013019, occupation count 3.072410, vector size 39)
WARNING (gmm-est:MleDiagGmmUpdate():mle-diag-gmm.cc:359) Too little data - removing Gaussian (weight 0.033634, occupation count 7.937590, vector size 39)
WARNING (gmm-est:MleDiagGmmUpdate():mle-diag-gmm.cc:359) Too little data - removing Gaussian (weight 0.035443, occupation count 8.364574, vector size 39)
WARNING (gmm-est:MleDiagGmmUpdate():mle-diag-gmm.cc:359) Too little data - removing Gaussian (weight 0.018585, occupation count 4.386154, vector size 39)
WARNING (gmm-est:MleDiagGmmUpdate():mle-diag-gmm.cc:359) Too little data - removing Gaussian (weight 0.049113, occupation count 9.036742, vector size 39)
WARNING (gmm-est:MleDiagGmmUpdate():mle-diag-gmm.cc:359) Too little data - removing Gaussian (weight 0.051604, occupation count 9.495074, vector size 39)
WARNING (gmm-est:MleDiagGmmUpdate():mle-diag-gmm.cc:359) Too little data - removing Gaussian (weight 0.038360, occupation count 7.058329, vector size 39)
WARNING (gmm-est:MleDiagGmmUpdate():mle-diag-gmm.cc:359) Too little data - removing Gaussian (weight 0.044995, occupation count 8.279154, vector size 39)
WARNING (gmm-est:MleDiagGmmUpdate():mle-diag-gmm.cc:359) Too little data - removing Gaussian (weight 0.018695, occupation count 3.290283, vector size 39)
WARNING (gmm-est:MleDiagGmmUpdate():mle-diag-gmm.cc:359) Too little data - removing Gaussian (weight 0.038733, occupation count 6.817068, vector size 39)
WARNING (gmm-est:MleDiagGmmUpdate():mle-diag-gmm.cc:359) Too little data - removing Gaussian (weight 0.054946, occupation count 9.670463, vector size 39)
WARNING (gmm-est:MleDiagGmmUpdate():mle-diag-gmm.cc:359) Too little data - removing Gaussian (weight 0.004109, occupation count 1.314917, vector size 39)
WARNING (gmm-est:MleDiagGmmUpdate():mle-diag-gmm.cc:359) Too little data - removing Gaussian (weight 0.019520, occupation count 6.246481, vector size 39)
WARNING (gmm-est:MleDiagGmmUpdate():mle-diag-gmm.cc:359) Too little data - removing Gaussian (weight 0.013581, occupation count 4.345837, vector size 39)
WARNING (gmm-est:MleDiagGmmUpdate():mle-diag-gmm.cc:359) Too little data - removing Gaussian (weight 0.010107, occupation count 3.234352, vector size 39)
WARNING (gmm-est:MleDiagGmmUpdate():mle-diag-gmm.cc:359) Too little data - removing Gaussian (weight 0.027033, occupation count 8.650552, vector size 39)
WARNING (gmm-est:MleDiagGmmUpdate():mle-diag-gmm.cc:359) Too little data - removing Gaussian (weight 0.030458, occupation count 9.746690, vector size 39)
WARNING (gmm-est:MleDiagGmmUpdate():mle-diag-gmm.cc:359) Too little data - removing Gaussian (weight 0.062787, occupation count 9.920287, vector size 39)
WARNING (gmm-est:MleDiagGmmUpdate():mle-diag-gmm.cc:359) Too little data - removing Gaussian (weight 0.011203, occupation count 7.371800, vector size 39)
WARNING (gmm-est:MleDiagGmmUpdate():mle-diag-gmm.cc:359) Too little data - removing Gaussian (weight 0.004903, occupation count 3.226006, vector size 39)
WARNING (gmm-est:MleDiagGmmUpdate():mle-diag-gmm.cc:359) Too little data - removing Gaussian (weight 0.001698, occupation count 1.117601, vector size 39)
WARNING (gmm-est:MleDiagGmmUpdate():mle-diag-gmm.cc:359) Too little data - removing Gaussian (weight 0.001566, occupation count 1.030588, vector size 39)
WARNING (gmm-est:MleDiagGmmUpdate():mle-diag-gmm.cc:359) Too little data - removing Gaussian (weight 0.006031, occupation count 3.968600, vector size 39)
WARNING (gmm-est:MleDiagGmmUpdate():mle-diag-gmm.cc:359) Too little data - removing Gaussian (weight 0.005845, occupation count 3.846112, vector size 39)
WARNING (gmm-est:MleDiagGmmUpdate():mle-diag-gmm.cc:359) Too little data - removing Gaussian (weight 0.003407, occupation count 2.241720, vector size 39)
WARNING (gmm-est:MleDiagGmmUpdate():mle-diag-gmm.cc:359) Too little data - removing Gaussian (weight 0.008589, occupation count 5.651504, vector size 39)
WARNING (gmm-est:MleDiagGmmUpdate():mle-diag-gmm.cc:359) Too little data - removing Gaussian (weight 0.003198, occupation count 2.104520, vector size 39)
WARNING (gmm-est:MleDiagGmmUpdate():mle-diag-gmm.cc:359) Too little data - removing Gaussian (weight 0.011115, occupation count 7.313367, vector size 39)
WARNING (gmm-est:MleDiagGmmUpdate():mle-diag-gmm.cc:359) Too little data - removing Gaussian (weight 0.012122, occupation count 7.976172, vector size 39)
WARNING (gmm-est:MleDiagGmmUpdate():mle-diag-gmm.cc:359) Too little data - removing Gaussian (weight 0.003467, occupation count 2.281106, vector size 39)
WARNING (gmm-est:MleDiagGmmUpdate():mle-diag-gmm.cc:359) Too little data - removing Gaussian (weight 0.015034, occupation count 9.892165, vector size 39)
WARNING (gmm-est:MleDiagGmmUpdate():mle-diag-gmm.cc:359) Too little data - removing Gaussian (weight 0.011920, occupation count 1.573469, vector size 39)
WARNING (gmm-est:MleDiagGmmUpdate():mle-diag-gmm.cc:359) Too little data - removing Gaussian (weight 0.071736, occupation count 9.469193, vector size 39)
WARNING (gmm-est:MleDiagGmmUpdate():mle-diag-gmm.cc:359) Too little data - removing Gaussian (weight 0.073685, occupation count 9.578999, vector size 39)
LOG (gmm-est:MleAmDiagGmmUpdate():mle-am-diag-gmm.cc:225) 0 variance elements floored in 0 Gaussians, out of 677
LOG (gmm-est:MleAmDiagGmmUpdate():mle-am-diag-gmm.cc:229) Removed 383 Gaussians due to counts < --min-gaussian-occupancy=10 and --remove-low-count-gaussians=true
LOG (gmm-est:main():gmm-est.cc:113) GMM update: Overall 6.43878 objective function improvement per frame over 22080 frames
LOG (gmm-est:main():gmm-est.cc:116) GMM update: Overall avg like per frame = -85.6579 over 22080 frames.
WARNING (gmm-est:GetSplitTargets():model-common.cc:134) Could not split up to 2720 due to min-count = 20 (or no counts at all)
LOG (gmm-est:SplitByCount():am-diag-gmm.cc:116) Split 106 states with target = 2720, power = 0.25, perturb_factor = 0.01 and min_count = 20, split #Gauss from 677 to 1060
LOG (gmm-est:main():gmm-est.cc:146) Written model to exp/tri1/4.mdl
# Accounting: time=0 threads=1
# Ended (code 0) at Mon Jun 26 10:49:45 HKT 2017, elapsed time 0 seconds
