# gmm-est --mix-up=11000 --power=0.25 --write-occs=exp/tri1/30.occs exp/tri1/29.mdl "gmm-sum-accs - exp/tri1/29.*.acc |" exp/tri1/30.mdl 
# Started at Mon Jun 26 10:49:50 HKT 2017
#
gmm-est --mix-up=11000 --power=0.25 --write-occs=exp/tri1/30.occs exp/tri1/29.mdl 'gmm-sum-accs - exp/tri1/29.*.acc |' exp/tri1/30.mdl 
gmm-sum-accs - exp/tri1/29.1.acc 
LOG (gmm-sum-accs:main():gmm-sum-accs.cc:63) Summed 1 stats, total count 22080, avg like/frame -67.8347
LOG (gmm-sum-accs:main():gmm-sum-accs.cc:66) Total count of stats is 22080
LOG (gmm-sum-accs:main():gmm-sum-accs.cc:67) Written stats to -
LOG (gmm-est:MleUpdate():transition-model.cc:393) TransitionModel::Update, objf change is 0 per frame over 22080 frames. 
LOG (gmm-est:MleUpdate():transition-model.cc:396) 20 probabilities floored, 393 out of 510 transition-states skipped due to insuffient data (it is normal to have some skipped.)
LOG (gmm-est:main():gmm-est.cc:102) Transition model update: Overall 0 log-like improvement per frame over 22080 frames.
WARNING (gmm-est:MleDiagGmmUpdate():mle-diag-gmm.cc:365) Gaussian has too little data but not removing it because it is the last Gaussian: i = 0, occ = 0, weight = 1
WARNING (gmm-est:MleDiagGmmUpdate():mle-diag-gmm.cc:365) Gaussian has too little data but not removing it because it is the last Gaussian: i = 0, occ = 0, weight = 1
WARNING (gmm-est:MleDiagGmmUpdate():mle-diag-gmm.cc:365) Gaussian has too little data but not removing it because it is the last Gaussian: i = 0, occ = 0, weight = 1
WARNING (gmm-est:MleDiagGmmUpdate():mle-diag-gmm.cc:365) Gaussian has too little data but not removing it because it is the last Gaussian: i = 0, occ = 6, weight = 1
LOG (gmm-est:MleAmDiagGmmUpdate():mle-am-diag-gmm.cc:225) 3 variance elements floored in 3 Gaussians, out of 1068
LOG (gmm-est:MleAmDiagGmmUpdate():mle-am-diag-gmm.cc:229) Removed 0 Gaussians due to counts < --min-gaussian-occupancy=10 and --remove-low-count-gaussians=true
LOG (gmm-est:main():gmm-est.cc:113) GMM update: Overall 0.00386215 objective function improvement per frame over 22080 frames
LOG (gmm-est:main():gmm-est.cc:116) GMM update: Overall avg like per frame = -67.8347 over 22080 frames.
WARNING (gmm-est:GetSplitTargets():model-common.cc:134) Could not split up to 11000 due to min-count = 20 (or no counts at all)
LOG (gmm-est:SplitByCount():am-diag-gmm.cc:116) Split 106 states with target = 11000, power = 0.25, perturb_factor = 0.01 and min_count = 20, split #Gauss from 1068 to 1068
LOG (gmm-est:main():gmm-est.cc:146) Written model to exp/tri1/30.mdl
# Accounting: time=0 threads=1
# Ended (code 0) at Mon Jun 26 10:49:50 HKT 2017, elapsed time 0 seconds
