# gmm-est --mix-up=3080 --power=0.25 --write-occs=exp/tri1/5.occs exp/tri1/4.mdl "gmm-sum-accs - exp/tri1/4.*.acc |" exp/tri1/5.mdl 
# Started at Mon Jun 26 10:49:45 HKT 2017
#
gmm-est --mix-up=3080 --power=0.25 --write-occs=exp/tri1/5.occs exp/tri1/4.mdl 'gmm-sum-accs - exp/tri1/4.*.acc |' exp/tri1/5.mdl 
gmm-sum-accs - exp/tri1/4.1.acc 
LOG (gmm-sum-accs:main():gmm-sum-accs.cc:63) Summed 1 stats, total count 22080, avg like/frame -77.6814
LOG (gmm-sum-accs:main():gmm-sum-accs.cc:66) Total count of stats is 22080
LOG (gmm-sum-accs:main():gmm-sum-accs.cc:67) Written stats to -
LOG (gmm-est:MleUpdate():transition-model.cc:393) TransitionModel::Update, objf change is 0 per frame over 22080 frames. 
LOG (gmm-est:MleUpdate():transition-model.cc:396) 19 probabilities floored, 393 out of 510 transition-states skipped due to insuffient data (it is normal to have some skipped.)
LOG (gmm-est:main():gmm-est.cc:102) Transition model update: Overall 0 log-like improvement per frame over 22080 frames.
WARNING (gmm-est:MleDiagGmmUpdate():mle-diag-gmm.cc:359) Too little data - removing Gaussian (weight 0.001516, occupation count 3.863648, vector size 39)
WARNING (gmm-est:MleDiagGmmUpdate():mle-diag-gmm.cc:359) Too little data - removing Gaussian (weight 0.001647, occupation count 4.199469, vector size 39)
WARNING (gmm-est:MleDiagGmmUpdate():mle-diag-gmm.cc:359) Too little data - removing Gaussian (weight 0.002763, occupation count 7.042513, vector size 39)
WARNING (gmm-est:MleDiagGmmUpdate():mle-diag-gmm.cc:359) Too little data - removing Gaussian (weight 0.003631, occupation count 9.256486, vector size 39)
WARNING (gmm-est:MleDiagGmmUpdate():mle-diag-gmm.cc:359) Too little data - removing Gaussian (weight 0.003193, occupation count 8.138033, vector size 39)
WARNING (gmm-est:MleDiagGmmUpdate():mle-diag-gmm.cc:359) Too little data - removing Gaussian (weight 0.002129, occupation count 5.427675, vector size 39)
WARNING (gmm-est:MleDiagGmmUpdate():mle-diag-gmm.cc:359) Too little data - removing Gaussian (weight 0.003412, occupation count 8.697980, vector size 39)
WARNING (gmm-est:MleDiagGmmUpdate():mle-diag-gmm.cc:359) Too little data - removing Gaussian (weight 0.001682, occupation count 4.286425, vector size 39)
WARNING (gmm-est:MleDiagGmmUpdate():mle-diag-gmm.cc:359) Too little data - removing Gaussian (weight 0.003286, occupation count 8.375485, vector size 39)
WARNING (gmm-est:MleDiagGmmUpdate():mle-diag-gmm.cc:359) Too little data - removing Gaussian (weight 0.003809, occupation count 9.707876, vector size 39)
WARNING (gmm-est:MleDiagGmmUpdate():mle-diag-gmm.cc:359) Too little data - removing Gaussian (weight 0.003129, occupation count 7.975023, vector size 39)
WARNING (gmm-est:MleDiagGmmUpdate():mle-diag-gmm.cc:359) Too little data - removing Gaussian (weight 0.003300, occupation count 8.410713, vector size 39)
WARNING (gmm-est:MleDiagGmmUpdate():mle-diag-gmm.cc:365) Gaussian has too little data but not removing it because it is the last Gaussian: i = 0, occ = 0, weight = 1
WARNING (gmm-est:MleDiagGmmUpdate():mle-diag-gmm.cc:359) Too little data - removing Gaussian (weight 0.007810, occupation count 3.928595, vector size 39)
WARNING (gmm-est:MleDiagGmmUpdate():mle-diag-gmm.cc:359) Too little data - removing Gaussian (weight 0.007470, occupation count 3.757599, vector size 39)
WARNING (gmm-est:MleDiagGmmUpdate():mle-diag-gmm.cc:359) Too little data - removing Gaussian (weight 0.035774, occupation count 9.122280, vector size 39)
WARNING (gmm-est:MleDiagGmmUpdate():mle-diag-gmm.cc:359) Too little data - removing Gaussian (weight 0.014607, occupation count 7.288856, vector size 39)
WARNING (gmm-est:MleDiagGmmUpdate():mle-diag-gmm.cc:365) Gaussian has too little data but not removing it because it is the last Gaussian: i = 0, occ = 0, weight = 1
WARNING (gmm-est:MleDiagGmmUpdate():mle-diag-gmm.cc:359) Too little data - removing Gaussian (weight 0.019700, occupation count 7.111739, vector size 39)
WARNING (gmm-est:MleDiagGmmUpdate():mle-diag-gmm.cc:359) Too little data - removing Gaussian (weight 0.010140, occupation count 3.660513, vector size 39)
WARNING (gmm-est:MleDiagGmmUpdate():mle-diag-gmm.cc:365) Gaussian has too little data but not removing it because it is the last Gaussian: i = 0, occ = 0, weight = 1
WARNING (gmm-est:MleDiagGmmUpdate():mle-diag-gmm.cc:359) Too little data - removing Gaussian (weight 0.003606, occupation count 5.603471, vector size 39)
WARNING (gmm-est:MleDiagGmmUpdate():mle-diag-gmm.cc:359) Too little data - removing Gaussian (weight 0.005454, occupation count 8.476278, vector size 39)
WARNING (gmm-est:MleDiagGmmUpdate():mle-diag-gmm.cc:359) Too little data - removing Gaussian (weight 0.003546, occupation count 5.510532, vector size 39)
WARNING (gmm-est:MleDiagGmmUpdate():mle-diag-gmm.cc:359) Too little data - removing Gaussian (weight 0.005872, occupation count 9.124953, vector size 39)
WARNING (gmm-est:MleDiagGmmUpdate():mle-diag-gmm.cc:359) Too little data - removing Gaussian (weight 0.003302, occupation count 5.130911, vector size 39)
WARNING (gmm-est:MleDiagGmmUpdate():mle-diag-gmm.cc:359) Too little data - removing Gaussian (weight 0.003791, occupation count 5.891664, vector size 39)
WARNING (gmm-est:MleDiagGmmUpdate():mle-diag-gmm.cc:359) Too little data - removing Gaussian (weight 0.004479, occupation count 6.960847, vector size 39)
WARNING (gmm-est:MleDiagGmmUpdate():mle-diag-gmm.cc:359) Too little data - removing Gaussian (weight 0.005229, occupation count 8.125243, vector size 39)
WARNING (gmm-est:MleDiagGmmUpdate():mle-diag-gmm.cc:359) Too little data - removing Gaussian (weight 0.004667, occupation count 7.252605, vector size 39)
WARNING (gmm-est:MleDiagGmmUpdate():mle-diag-gmm.cc:359) Too little data - removing Gaussian (weight 0.005732, occupation count 8.906898, vector size 39)
WARNING (gmm-est:MleDiagGmmUpdate():mle-diag-gmm.cc:359) Too little data - removing Gaussian (weight 0.005211, occupation count 8.098323, vector size 39)
WARNING (gmm-est:MleDiagGmmUpdate():mle-diag-gmm.cc:359) Too little data - removing Gaussian (weight 0.005687, occupation count 8.837181, vector size 39)
WARNING (gmm-est:MleDiagGmmUpdate():mle-diag-gmm.cc:359) Too little data - removing Gaussian (weight 0.004494, occupation count 6.983276, vector size 39)
WARNING (gmm-est:MleDiagGmmUpdate():mle-diag-gmm.cc:359) Too little data - removing Gaussian (weight 0.006311, occupation count 9.807669, vector size 39)
WARNING (gmm-est:MleDiagGmmUpdate():mle-diag-gmm.cc:359) Too little data - removing Gaussian (weight 0.005861, occupation count 9.107742, vector size 39)
WARNING (gmm-est:MleDiagGmmUpdate():mle-diag-gmm.cc:359) Too little data - removing Gaussian (weight 0.009947, occupation count 7.012663, vector size 39)
WARNING (gmm-est:MleDiagGmmUpdate():mle-diag-gmm.cc:359) Too little data - removing Gaussian (weight 0.003324, occupation count 2.343432, vector size 39)
WARNING (gmm-est:MleDiagGmmUpdate():mle-diag-gmm.cc:359) Too little data - removing Gaussian (weight 0.003314, occupation count 2.336355, vector size 39)
WARNING (gmm-est:MleDiagGmmUpdate():mle-diag-gmm.cc:359) Too little data - removing Gaussian (weight 0.003337, occupation count 2.352318, vector size 39)
WARNING (gmm-est:MleDiagGmmUpdate():mle-diag-gmm.cc:359) Too little data - removing Gaussian (weight 0.003453, occupation count 2.434608, vector size 39)
WARNING (gmm-est:MleDiagGmmUpdate():mle-diag-gmm.cc:359) Too little data - removing Gaussian (weight 0.007803, occupation count 6.593714, vector size 39)
WARNING (gmm-est:MleDiagGmmUpdate():mle-diag-gmm.cc:359) Too little data - removing Gaussian (weight 0.008742, occupation count 7.387249, vector size 39)
WARNING (gmm-est:MleDiagGmmUpdate():mle-diag-gmm.cc:359) Too little data - removing Gaussian (weight 0.006950, occupation count 5.872834, vector size 39)
WARNING (gmm-est:MleDiagGmmUpdate():mle-diag-gmm.cc:359) Too little data - removing Gaussian (weight 0.008809, occupation count 7.443345, vector size 39)
WARNING (gmm-est:MleDiagGmmUpdate():mle-diag-gmm.cc:359) Too little data - removing Gaussian (weight 0.011047, occupation count 6.551097, vector size 39)
WARNING (gmm-est:MleDiagGmmUpdate():mle-diag-gmm.cc:359) Too little data - removing Gaussian (weight 0.026361, occupation count 6.985622, vector size 39)
WARNING (gmm-est:MleDiagGmmUpdate():mle-diag-gmm.cc:359) Too little data - removing Gaussian (weight 0.025282, occupation count 9.480748, vector size 39)
WARNING (gmm-est:MleDiagGmmUpdate():mle-diag-gmm.cc:359) Too little data - removing Gaussian (weight 0.052784, occupation count 9.342726, vector size 39)
WARNING (gmm-est:MleDiagGmmUpdate():mle-diag-gmm.cc:359) Too little data - removing Gaussian (weight 0.009548, occupation count 4.306193, vector size 39)
WARNING (gmm-est:MleDiagGmmUpdate():mle-diag-gmm.cc:359) Too little data - removing Gaussian (weight 0.025808, occupation count 7.768251, vector size 39)
WARNING (gmm-est:MleDiagGmmUpdate():mle-diag-gmm.cc:359) Too little data - removing Gaussian (weight 0.029130, occupation count 8.768015, vector size 39)
WARNING (gmm-est:MleDiagGmmUpdate():mle-diag-gmm.cc:359) Too little data - removing Gaussian (weight 0.046314, occupation count 8.568120, vector size 39)
WARNING (gmm-est:MleDiagGmmUpdate():mle-diag-gmm.cc:359) Too little data - removing Gaussian (weight 0.015832, occupation count 5.604535, vector size 39)
WARNING (gmm-est:MleDiagGmmUpdate():mle-diag-gmm.cc:359) Too little data - removing Gaussian (weight 0.021111, occupation count 8.444334, vector size 39)
WARNING (gmm-est:MleDiagGmmUpdate():mle-diag-gmm.cc:365) Gaussian has too little data but not removing it because it is the last Gaussian: i = 0, occ = 6, weight = 1
WARNING (gmm-est:MleDiagGmmUpdate():mle-diag-gmm.cc:359) Too little data - removing Gaussian (weight 0.044448, occupation count 9.823071, vector size 39)
WARNING (gmm-est:MleDiagGmmUpdate():mle-diag-gmm.cc:359) Too little data - removing Gaussian (weight 0.037852, occupation count 8.365303, vector size 39)
WARNING (gmm-est:MleDiagGmmUpdate():mle-diag-gmm.cc:359) Too little data - removing Gaussian (weight 0.006622, occupation count 4.357158, vector size 39)
WARNING (gmm-est:MleDiagGmmUpdate():mle-diag-gmm.cc:359) Too little data - removing Gaussian (weight 0.011514, occupation count 7.576339, vector size 39)
WARNING (gmm-est:MleDiagGmmUpdate():mle-diag-gmm.cc:359) Too little data - removing Gaussian (weight 0.014681, occupation count 9.660000, vector size 39)
WARNING (gmm-est:MleDiagGmmUpdate():mle-diag-gmm.cc:359) Too little data - removing Gaussian (weight 0.006644, occupation count 4.371472, vector size 39)
LOG (gmm-est:MleAmDiagGmmUpdate():mle-am-diag-gmm.cc:225) 0 variance elements floored in 0 Gaussians, out of 1002
LOG (gmm-est:MleAmDiagGmmUpdate():mle-am-diag-gmm.cc:229) Removed 58 Gaussians due to counts < --min-gaussian-occupancy=10 and --remove-low-count-gaussians=true
LOG (gmm-est:main():gmm-est.cc:113) GMM update: Overall 2.47921 objective function improvement per frame over 22080 frames
LOG (gmm-est:main():gmm-est.cc:116) GMM update: Overall avg like per frame = -77.6814 over 22080 frames.
WARNING (gmm-est:GetSplitTargets():model-common.cc:134) Could not split up to 3080 due to min-count = 20 (or no counts at all)
LOG (gmm-est:SplitByCount():am-diag-gmm.cc:116) Split 106 states with target = 3080, power = 0.25, perturb_factor = 0.01 and min_count = 20, split #Gauss from 1002 to 1060
LOG (gmm-est:main():gmm-est.cc:146) Written model to exp/tri1/5.mdl
# Accounting: time=0 threads=1
# Ended (code 0) at Mon Jun 26 10:49:45 HKT 2017, elapsed time 0 seconds
