# lattice-best-path --lm-scale=13 --word-symbol-table=data/lang/words.txt "ark:gunzip -c exp/tri1/decode//lat.*.gz|" ark,t:exp/tri1/decode//scoring/13.tra 
# Started at Mon Jun 26 10:49:53 HKT 2017
#
lattice-best-path --lm-scale=13 --word-symbol-table=data/lang/words.txt 'ark:gunzip -c exp/tri1/decode//lat.*.gz|' ark,t:exp/tri1/decode//scoring/13.tra 
LOG (lattice-best-path:main():lattice-best-path.cc:99) For utterance xiaoyan_en-10_5_8, best cost 318.601 + 13482.1 = 13800.7 over 180 frames.
xiaoyan_en-10_5_8 ten five eight 
LOG (lattice-best-path:main():lattice-best-path.cc:99) For utterance xiaoyan_en-1_4_3, best cost 272.741 + 13549.5 = 13822.3 over 182 frames.
xiaoyan_en-1_4_3 one four three 
LOG (lattice-best-path:main():lattice-best-path.cc:99) For utterance xiaoyan_en-2_3_5, best cost 267.984 + 13638.1 = 13906.1 over 174 frames.
xiaoyan_en-2_3_5 two three five 
LOG (lattice-best-path:main():lattice-best-path.cc:99) For utterance xiaoyan_en-2_6_10, best cost 280.156 + 13911.9 = 14192.1 over 176 frames.
xiaoyan_en-2_6_10 two six ten 
LOG (lattice-best-path:main():lattice-best-path.cc:99) For utterance xiaoyan_en-3_2_1, best cost 262.222 + 13804.7 = 14066.9 over 172 frames.
xiaoyan_en-3_2_1 three two one 
LOG (lattice-best-path:main():lattice-best-path.cc:99) For utterance xiaoyan_en-3_7_10, best cost 271.087 + 15123.4 = 15394.5 over 194 frames.
xiaoyan_en-3_7_10 three seven ten 
LOG (lattice-best-path:main():lattice-best-path.cc:99) For utterance xiaoyan_en-4_9_8, best cost 256.206 + 13315.5 = 13571.7 over 184 frames.
xiaoyan_en-4_9_8 four nine eight 
LOG (lattice-best-path:main():lattice-best-path.cc:99) For utterance xiaoyan_en-5_6_3, best cost 286.717 + 14333.8 = 14620.5 over 194 frames.
xiaoyan_en-5_6_3 five six three 
LOG (lattice-best-path:main():lattice-best-path.cc:99) For utterance xiaoyan_en-6_2_8, best cost 276.731 + 13847.9 = 14124.6 over 180 frames.
xiaoyan_en-6_2_8 six two eight 
LOG (lattice-best-path:main():lattice-best-path.cc:99) For utterance xiaoyan_en-9_10_8, best cost 257.726 + 13330.3 = 13588 over 180 frames.
xiaoyan_en-9_10_8 nine ten eight 
LOG (lattice-best-path:main():lattice-best-path.cc:124) Overall cost per frame is 77.6913 = 1.51441 [graph] + 76.1769 [acoustic] over 1816 frames.
LOG (lattice-best-path:main():lattice-best-path.cc:128) Done 10 lattices, failed for 0
# Accounting: time=0 threads=1
# Ended (code 0) at Mon Jun 26 10:49:53 HKT 2017, elapsed time 0 seconds
