# lattice-best-path --lm-scale=8 --word-symbol-table=data/lang/words.txt "ark:gunzip -c exp/tri1/decode//lat.*.gz|" ark,t:exp/tri1/decode//scoring/8.tra 
# Started at Mon Jun 26 10:49:53 HKT 2017
#
lattice-best-path --lm-scale=8 --word-symbol-table=data/lang/words.txt 'ark:gunzip -c exp/tri1/decode//lat.*.gz|' ark,t:exp/tri1/decode//scoring/8.tra 
LOG (lattice-best-path:main():lattice-best-path.cc:99) For utterance xiaoyan_en-10_5_8, best cost 196.062 + 13482.1 = 13678.2 over 180 frames.
xiaoyan_en-10_5_8 ten five eight 
LOG (lattice-best-path:main():lattice-best-path.cc:99) For utterance xiaoyan_en-1_4_3, best cost 167.841 + 13549.5 = 13717.4 over 182 frames.
xiaoyan_en-1_4_3 one four three 
LOG (lattice-best-path:main():lattice-best-path.cc:99) For utterance xiaoyan_en-2_3_5, best cost 164.913 + 13638.1 = 13803 over 174 frames.
xiaoyan_en-2_3_5 two three five 
LOG (lattice-best-path:main():lattice-best-path.cc:99) For utterance xiaoyan_en-2_6_10, best cost 172.404 + 13911.9 = 14084.3 over 176 frames.
xiaoyan_en-2_6_10 two six ten 
LOG (lattice-best-path:main():lattice-best-path.cc:99) For utterance xiaoyan_en-3_2_1, best cost 161.367 + 13804.7 = 13966.1 over 172 frames.
xiaoyan_en-3_2_1 three two one 
LOG (lattice-best-path:main():lattice-best-path.cc:99) For utterance xiaoyan_en-3_7_10, best cost 166.823 + 15123.4 = 15290.2 over 194 frames.
xiaoyan_en-3_7_10 three seven ten 
LOG (lattice-best-path:main():lattice-best-path.cc:99) For utterance xiaoyan_en-4_9_8, best cost 157.665 + 13315.5 = 13473.2 over 184 frames.
xiaoyan_en-4_9_8 four nine eight 
LOG (lattice-best-path:main():lattice-best-path.cc:99) For utterance xiaoyan_en-5_6_3, best cost 176.441 + 14333.8 = 14510.2 over 194 frames.
xiaoyan_en-5_6_3 five six three 
LOG (lattice-best-path:main():lattice-best-path.cc:99) For utterance xiaoyan_en-6_2_8, best cost 170.296 + 13847.9 = 14018.2 over 180 frames.
xiaoyan_en-6_2_8 six two eight 
LOG (lattice-best-path:main():lattice-best-path.cc:99) For utterance xiaoyan_en-9_10_8, best cost 158.601 + 13330.3 = 13488.9 over 180 frames.
xiaoyan_en-9_10_8 nine ten eight 
LOG (lattice-best-path:main():lattice-best-path.cc:124) Overall cost per frame is 77.1089 = 0.931945 [graph] + 76.1769 [acoustic] over 1816 frames.
LOG (lattice-best-path:main():lattice-best-path.cc:128) Done 10 lattices, failed for 0
# Accounting: time=0 threads=1
# Ended (code 0) at Mon Jun 26 10:49:53 HKT 2017, elapsed time 0 seconds
