# lattice-best-path --lm-scale=17 --word-symbol-table=data/lang/words.txt "ark:gunzip -c exp/tri1/decode//lat.*.gz|" ark,t:exp/tri1/decode//scoring/17.tra 
# Started at Mon Jun 26 10:49:53 HKT 2017
#
lattice-best-path --lm-scale=17 --word-symbol-table=data/lang/words.txt 'ark:gunzip -c exp/tri1/decode//lat.*.gz|' ark,t:exp/tri1/decode//scoring/17.tra 
LOG (lattice-best-path:main():lattice-best-path.cc:99) For utterance xiaoyan_en-10_5_8, best cost 416.632 + 13482.1 = 13898.7 over 180 frames.
xiaoyan_en-10_5_8 ten five eight 
LOG (lattice-best-path:main():lattice-best-path.cc:99) For utterance xiaoyan_en-1_4_3, best cost 356.661 + 13549.5 = 13906.2 over 182 frames.
xiaoyan_en-1_4_3 one four three 
LOG (lattice-best-path:main():lattice-best-path.cc:99) For utterance xiaoyan_en-2_3_5, best cost 350.44 + 13638.1 = 13988.5 over 174 frames.
xiaoyan_en-2_3_5 two three five 
LOG (lattice-best-path:main():lattice-best-path.cc:99) For utterance xiaoyan_en-2_6_10, best cost 366.358 + 13911.9 = 14278.3 over 176 frames.
xiaoyan_en-2_6_10 two six ten 
LOG (lattice-best-path:main():lattice-best-path.cc:99) For utterance xiaoyan_en-3_2_1, best cost 342.905 + 13804.7 = 14147.6 over 172 frames.
xiaoyan_en-3_2_1 three two one 
LOG (lattice-best-path:main():lattice-best-path.cc:99) For utterance xiaoyan_en-3_7_10, best cost 354.498 + 15123.4 = 15477.9 over 194 frames.
xiaoyan_en-3_7_10 three seven ten 
LOG (lattice-best-path:main():lattice-best-path.cc:99) For utterance xiaoyan_en-4_9_8, best cost 335.038 + 13315.5 = 13650.6 over 184 frames.
xiaoyan_en-4_9_8 four nine eight 
LOG (lattice-best-path:main():lattice-best-path.cc:99) For utterance xiaoyan_en-5_6_3, best cost 374.937 + 14333.8 = 14708.7 over 194 frames.
xiaoyan_en-5_6_3 five six three 
LOG (lattice-best-path:main():lattice-best-path.cc:99) For utterance xiaoyan_en-6_2_8, best cost 361.879 + 13847.9 = 14209.8 over 180 frames.
xiaoyan_en-6_2_8 six two eight 
LOG (lattice-best-path:main():lattice-best-path.cc:99) For utterance xiaoyan_en-9_10_8, best cost 337.027 + 13330.3 = 13667.3 over 180 frames.
xiaoyan_en-9_10_8 nine ten eight 
LOG (lattice-best-path:main():lattice-best-path.cc:124) Overall cost per frame is 78.1573 = 1.98038 [graph] + 76.1769 [acoustic] over 1816 frames.
LOG (lattice-best-path:main():lattice-best-path.cc:128) Done 10 lattices, failed for 0
# Accounting: time=0 threads=1
# Ended (code 0) at Mon Jun 26 10:49:53 HKT 2017, elapsed time 0 seconds
