# compute-mfcc-feats --verbose=2 --config=conf/mfcc.conf scp,p:exp/make_mfcc/train/wav_train.1.scp ark:- | copy-feats --compress=true ark:- ark,scp:/home/zhangshangyu/kaldi/egs/digits/mfcc/raw_mfcc_train.1.ark,/home/zhangshangyu/kaldi/egs/digits/mfcc/raw_mfcc_train.1.scp 
# Started at Mon Jun 26 10:49:24 HKT 2017
#
copy-feats --compress=true ark:- ark,scp:/home/zhangshangyu/kaldi/egs/digits/mfcc/raw_mfcc_train.1.ark,/home/zhangshangyu/kaldi/egs/digits/mfcc/raw_mfcc_train.1.scp 
compute-mfcc-feats --verbose=2 --config=conf/mfcc.conf scp,p:exp/make_mfcc/train/wav_train.1.scp ark:- 
VLOG[2] (compute-mfcc-feats:main():compute-mfcc-feats.cc:178) Processed features for key aisbabyxu_en-10_1_4
VLOG[2] (compute-mfcc-feats:main():compute-mfcc-feats.cc:178) Processed features for key aisbabyxu_en-10_2_6
VLOG[2] (compute-mfcc-feats:main():compute-mfcc-feats.cc:178) Processed features for key aisbabyxu_en-1_7_4
VLOG[2] (compute-mfcc-feats:main():compute-mfcc-feats.cc:178) Processed features for key aisbabyxu_en-1_9_2
VLOG[2] (compute-mfcc-feats:main():compute-mfcc-feats.cc:178) Processed features for key aisbabyxu_en-2_1_3
VLOG[2] (compute-mfcc-feats:main():compute-mfcc-feats.cc:178) Processed features for key aisbabyxu_en-2_9_3
VLOG[2] (compute-mfcc-feats:main():compute-mfcc-feats.cc:178) Processed features for key aisbabyxu_en-3_5_7
VLOG[2] (compute-mfcc-feats:main():compute-mfcc-feats.cc:178) Processed features for key aisbabyxu_en-5_3_2
VLOG[2] (compute-mfcc-feats:main():compute-mfcc-feats.cc:178) Processed features for key aisbabyxu_en-6_3_10
LOG (compute-mfcc-feats:main():compute-mfcc-feats.cc:177) Processed 10 utterances
VLOG[2] (compute-mfcc-feats:main():compute-mfcc-feats.cc:178) Processed features for key aisbabyxu_en-8_10_5
VLOG[2] (compute-mfcc-feats:main():compute-mfcc-feats.cc:178) Processed features for key aisjinger_en-10_1_3
VLOG[2] (compute-mfcc-feats:main():compute-mfcc-feats.cc:178) Processed features for key aisjinger_en-1_2_8
VLOG[2] (compute-mfcc-feats:main():compute-mfcc-feats.cc:178) Processed features for key aisjinger_en-2_1_6
VLOG[2] (compute-mfcc-feats:main():compute-mfcc-feats.cc:178) Processed features for key aisjinger_en-2_4_1
VLOG[2] (compute-mfcc-feats:main():compute-mfcc-feats.cc:178) Processed features for key aisjinger_en-3_4_1
VLOG[2] (compute-mfcc-feats:main():compute-mfcc-feats.cc:178) Processed features for key aisjinger_en-7_6_4
VLOG[2] (compute-mfcc-feats:main():compute-mfcc-feats.cc:178) Processed features for key aisjinger_en-8_7_9
VLOG[2] (compute-mfcc-feats:main():compute-mfcc-feats.cc:178) Processed features for key aisjinger_en-9_2_1
VLOG[2] (compute-mfcc-feats:main():compute-mfcc-feats.cc:178) Processed features for key aisjinger_en-9_5_4
LOG (compute-mfcc-feats:main():compute-mfcc-feats.cc:177) Processed 20 utterances
VLOG[2] (compute-mfcc-feats:main():compute-mfcc-feats.cc:178) Processed features for key aisjinger_en-9_7_1
VLOG[2] (compute-mfcc-feats:main():compute-mfcc-feats.cc:178) Processed features for key aisjiuxu_en-10_9_4
VLOG[2] (compute-mfcc-feats:main():compute-mfcc-feats.cc:178) Processed features for key aisjiuxu_en-1_9_5
VLOG[2] (compute-mfcc-feats:main():compute-mfcc-feats.cc:178) Processed features for key aisjiuxu_en-1_9_7
VLOG[2] (compute-mfcc-feats:main():compute-mfcc-feats.cc:178) Processed features for key aisjiuxu_en-3_4_8
VLOG[2] (compute-mfcc-feats:main():compute-mfcc-feats.cc:178) Processed features for key aisjiuxu_en-4_1_10
VLOG[2] (compute-mfcc-feats:main():compute-mfcc-feats.cc:178) Processed features for key aisjiuxu_en-4_1_3
VLOG[2] (compute-mfcc-feats:main():compute-mfcc-feats.cc:178) Processed features for key aisjiuxu_en-5_8_3
VLOG[2] (compute-mfcc-feats:main():compute-mfcc-feats.cc:178) Processed features for key aisjiuxu_en-8_2_6
VLOG[2] (compute-mfcc-feats:main():compute-mfcc-feats.cc:178) Processed features for key aisjiuxu_en-9_10_1
LOG (compute-mfcc-feats:main():compute-mfcc-feats.cc:177) Processed 30 utterances
VLOG[2] (compute-mfcc-feats:main():compute-mfcc-feats.cc:178) Processed features for key aisjiuxu_en-9_4_3
VLOG[2] (compute-mfcc-feats:main():compute-mfcc-feats.cc:178) Processed features for key aisjying_en-2_9_7
VLOG[2] (compute-mfcc-feats:main():compute-mfcc-feats.cc:178) Processed features for key aisjying_en-3_8_5
VLOG[2] (compute-mfcc-feats:main():compute-mfcc-feats.cc:178) Processed features for key aisjying_en-4_6_8
VLOG[2] (compute-mfcc-feats:main():compute-mfcc-feats.cc:178) Processed features for key aisjying_en-5_3_1
VLOG[2] (compute-mfcc-feats:main():compute-mfcc-feats.cc:178) Processed features for key aisjying_en-5_8_4
VLOG[2] (compute-mfcc-feats:main():compute-mfcc-feats.cc:178) Processed features for key aisjying_en-6_10_8
VLOG[2] (compute-mfcc-feats:main():compute-mfcc-feats.cc:178) Processed features for key aisjying_en-6_8_10
VLOG[2] (compute-mfcc-feats:main():compute-mfcc-feats.cc:178) Processed features for key aisjying_en-7_10_6
VLOG[2] (compute-mfcc-feats:main():compute-mfcc-feats.cc:178) Processed features for key aisjying_en-7_3_2
LOG (compute-mfcc-feats:main():compute-mfcc-feats.cc:177) Processed 40 utterances
VLOG[2] (compute-mfcc-feats:main():compute-mfcc-feats.cc:178) Processed features for key aisjying_en-9_8_7
VLOG[2] (compute-mfcc-feats:main():compute-mfcc-feats.cc:178) Processed features for key vils_en-10_1_2
VLOG[2] (compute-mfcc-feats:main():compute-mfcc-feats.cc:178) Processed features for key vils_en-1_10_3
VLOG[2] (compute-mfcc-feats:main():compute-mfcc-feats.cc:178) Processed features for key vils_en-2_6_4
VLOG[2] (compute-mfcc-feats:main():compute-mfcc-feats.cc:178) Processed features for key vils_en-3_2_6
VLOG[2] (compute-mfcc-feats:main():compute-mfcc-feats.cc:178) Processed features for key vils_en-4_2_3
VLOG[2] (compute-mfcc-feats:main():compute-mfcc-feats.cc:178) Processed features for key vils_en-4_7_9
VLOG[2] (compute-mfcc-feats:main():compute-mfcc-feats.cc:178) Processed features for key vils_en-6_7_3
VLOG[2] (compute-mfcc-feats:main():compute-mfcc-feats.cc:178) Processed features for key vils_en-7_1_3
VLOG[2] (compute-mfcc-feats:main():compute-mfcc-feats.cc:178) Processed features for key vils_en-7_9_8
LOG (compute-mfcc-feats:main():compute-mfcc-feats.cc:177) Processed 50 utterances
VLOG[2] (compute-mfcc-feats:main():compute-mfcc-feats.cc:178) Processed features for key vils_en-8_5_9
VLOG[2] (compute-mfcc-feats:main():compute-mfcc-feats.cc:178) Processed features for key vinn_en-10_9_7
VLOG[2] (compute-mfcc-feats:main():compute-mfcc-feats.cc:178) Processed features for key vinn_en-1_10_8
VLOG[2] (compute-mfcc-feats:main():compute-mfcc-feats.cc:178) Processed features for key vinn_en-1_10_9
VLOG[2] (compute-mfcc-feats:main():compute-mfcc-feats.cc:178) Processed features for key vinn_en-1_4_5
VLOG[2] (compute-mfcc-feats:main():compute-mfcc-feats.cc:178) Processed features for key vinn_en-2_9_10
VLOG[2] (compute-mfcc-feats:main():compute-mfcc-feats.cc:178) Processed features for key vinn_en-4_7_3
VLOG[2] (compute-mfcc-feats:main():compute-mfcc-feats.cc:178) Processed features for key vinn_en-4_8_10
VLOG[2] (compute-mfcc-feats:main():compute-mfcc-feats.cc:178) Processed features for key vinn_en-8_4_7
VLOG[2] (compute-mfcc-feats:main():compute-mfcc-feats.cc:178) Processed features for key vinn_en-9_2_5
LOG (compute-mfcc-feats:main():compute-mfcc-feats.cc:177) Processed 60 utterances
VLOG[2] (compute-mfcc-feats:main():compute-mfcc-feats.cc:178) Processed features for key vinn_en-9_3_8
VLOG[2] (compute-mfcc-feats:main():compute-mfcc-feats.cc:178) Processed features for key xiaofeng_en-10_5_2
VLOG[2] (compute-mfcc-feats:main():compute-mfcc-feats.cc:178) Processed features for key xiaofeng_en-10_8_9
VLOG[2] (compute-mfcc-feats:main():compute-mfcc-feats.cc:178) Processed features for key xiaofeng_en-1_5_6
VLOG[2] (compute-mfcc-feats:main():compute-mfcc-feats.cc:178) Processed features for key xiaofeng_en-2_6_8
VLOG[2] (compute-mfcc-feats:main():compute-mfcc-feats.cc:178) Processed features for key xiaofeng_en-4_7_3
VLOG[2] (compute-mfcc-feats:main():compute-mfcc-feats.cc:178) Processed features for key xiaofeng_en-4_8_1
VLOG[2] (compute-mfcc-feats:main():compute-mfcc-feats.cc:178) Processed features for key xiaofeng_en-5_3_4
VLOG[2] (compute-mfcc-feats:main():compute-mfcc-feats.cc:178) Processed features for key xiaofeng_en-5_6_7
VLOG[2] (compute-mfcc-feats:main():compute-mfcc-feats.cc:178) Processed features for key xiaofeng_en-6_5_3
LOG (compute-mfcc-feats:main():compute-mfcc-feats.cc:177) Processed 70 utterances
VLOG[2] (compute-mfcc-feats:main():compute-mfcc-feats.cc:178) Processed features for key xiaofeng_en-8_7_9
VLOG[2] (compute-mfcc-feats:main():compute-mfcc-feats.cc:178) Processed features for key xiaoqi_en-1_7_8
VLOG[2] (compute-mfcc-feats:main():compute-mfcc-feats.cc:178) Processed features for key xiaoqi_en-3_4_10
VLOG[2] (compute-mfcc-feats:main():compute-mfcc-feats.cc:178) Processed features for key xiaoqi_en-5_10_4
VLOG[2] (compute-mfcc-feats:main():compute-mfcc-feats.cc:178) Processed features for key xiaoqi_en-5_10_7
VLOG[2] (compute-mfcc-feats:main():compute-mfcc-feats.cc:178) Processed features for key xiaoqi_en-5_1_8
VLOG[2] (compute-mfcc-feats:main():compute-mfcc-feats.cc:178) Processed features for key xiaoqi_en-5_4_2
VLOG[2] (compute-mfcc-feats:main():compute-mfcc-feats.cc:178) Processed features for key xiaoqi_en-6_7_3
VLOG[2] (compute-mfcc-feats:main():compute-mfcc-feats.cc:178) Processed features for key xiaoqi_en-6_8_3
VLOG[2] (compute-mfcc-feats:main():compute-mfcc-feats.cc:178) Processed features for key xiaoqi_en-7_1_5
LOG (compute-mfcc-feats:main():compute-mfcc-feats.cc:177) Processed 80 utterances
VLOG[2] (compute-mfcc-feats:main():compute-mfcc-feats.cc:178) Processed features for key xiaoqi_en-7_2_1
VLOG[2] (compute-mfcc-feats:main():compute-mfcc-feats.cc:178) Processed features for key yefang_en-10_5_4
VLOG[2] (compute-mfcc-feats:main():compute-mfcc-feats.cc:178) Processed features for key yefang_en-1_10_9
VLOG[2] (compute-mfcc-feats:main():compute-mfcc-feats.cc:178) Processed features for key yefang_en-3_9_2
VLOG[2] (compute-mfcc-feats:main():compute-mfcc-feats.cc:178) Processed features for key yefang_en-5_1_7
VLOG[2] (compute-mfcc-feats:main():compute-mfcc-feats.cc:178) Processed features for key yefang_en-5_2_9
VLOG[2] (compute-mfcc-feats:main():compute-mfcc-feats.cc:178) Processed features for key yefang_en-7_1_5
VLOG[2] (compute-mfcc-feats:main():compute-mfcc-feats.cc:178) Processed features for key yefang_en-7_4_5
VLOG[2] (compute-mfcc-feats:main():compute-mfcc-feats.cc:178) Processed features for key yefang_en-8_9_10
VLOG[2] (compute-mfcc-feats:main():compute-mfcc-feats.cc:178) Processed features for key yefang_en-9_5_8
LOG (compute-mfcc-feats:main():compute-mfcc-feats.cc:177) Processed 90 utterances
VLOG[2] (compute-mfcc-feats:main():compute-mfcc-feats.cc:178) Processed features for key yefang_en-9_7_8
LOG (compute-mfcc-feats:main():compute-mfcc-feats.cc:181)  Done 90 out of 90 utterances.
LOG (copy-feats:main():copy-feats.cc:101) Copied 90 feature matrices.
# Accounting: time=1 threads=1
# Ended (code 0) at Mon Jun 26 10:49:25 HKT 2017, elapsed time 1 seconds
