# lattice-best-path --lm-scale=11 --word-symbol-table=data/lang/words.txt "ark:gunzip -c exp/mono/decode//lat.*.gz|" ark,t:exp/mono/decode//scoring/11.tra 
# Started at Mon Jun 26 10:49:43 HKT 2017
#
lattice-best-path --lm-scale=11 --word-symbol-table=data/lang/words.txt 'ark:gunzip -c exp/mono/decode//lat.*.gz|' ark,t:exp/mono/decode//scoring/11.tra 
LOG (lattice-best-path:main():lattice-best-path.cc:99) For utterance xiaoyan_en-10_5_8, best cost 273.739 + 13649.1 = 13922.8 over 180 frames.
xiaoyan_en-10_5_8 ten five eight 
LOG (lattice-best-path:main():lattice-best-path.cc:99) For utterance xiaoyan_en-1_4_3, best cost 227.11 + 13223.6 = 13450.7 over 182 frames.
xiaoyan_en-1_4_3 one four three 
LOG (lattice-best-path:main():lattice-best-path.cc:99) For utterance xiaoyan_en-2_3_5, best cost 230.319 + 13355 = 13585.4 over 174 frames.
xiaoyan_en-2_3_5 two three five 
LOG (lattice-best-path:main():lattice-best-path.cc:99) For utterance xiaoyan_en-2_6_10, best cost 244.844 + 13934.6 = 14179.5 over 176 frames.
xiaoyan_en-2_6_10 two six ten 
LOG (lattice-best-path:main():lattice-best-path.cc:99) For utterance xiaoyan_en-3_2_1, best cost 224.744 + 13637.3 = 13862.1 over 172 frames.
xiaoyan_en-3_2_1 three two one 
LOG (lattice-best-path:main():lattice-best-path.cc:99) For utterance xiaoyan_en-3_7_10, best cost 240.169 + 14672.9 = 14913 over 194 frames.
xiaoyan_en-3_7_10 three seven ten 
LOG (lattice-best-path:main():lattice-best-path.cc:99) For utterance xiaoyan_en-4_9_8, best cost 217.01 + 13500.7 = 13717.7 over 184 frames.
xiaoyan_en-4_9_8 four nine eight 
LOG (lattice-best-path:main():lattice-best-path.cc:99) For utterance xiaoyan_en-5_6_3, best cost 249.466 + 14204.7 = 14454.1 over 194 frames.
xiaoyan_en-5_6_3 five six three 
LOG (lattice-best-path:main():lattice-best-path.cc:99) For utterance xiaoyan_en-6_2_8, best cost 238.171 + 13840.4 = 14078.6 over 180 frames.
xiaoyan_en-6_2_8 six two eight 
LOG (lattice-best-path:main():lattice-best-path.cc:99) For utterance xiaoyan_en-9_10_8, best cost 218.826 + 13402 = 13620.8 over 180 frames.
xiaoyan_en-9_10_8 nine ten eight 
LOG (lattice-best-path:main():lattice-best-path.cc:124) Overall cost per frame is 76.9739 = 1.30198 [graph] + 75.6719 [acoustic] over 1816 frames.
LOG (lattice-best-path:main():lattice-best-path.cc:128) Done 10 lattices, failed for 0
# Accounting: time=0 threads=1
# Ended (code 0) at Mon Jun 26 10:49:43 HKT 2017, elapsed time 0 seconds
