# lattice-best-path --lm-scale=15 --word-symbol-table=data/lang/words.txt "ark:gunzip -c exp/mono/decode//lat.*.gz|" ark,t:exp/mono/decode//scoring/15.tra 
# Started at Mon Jun 26 10:49:43 HKT 2017
#
lattice-best-path --lm-scale=15 --word-symbol-table=data/lang/words.txt 'ark:gunzip -c exp/mono/decode//lat.*.gz|' ark,t:exp/mono/decode//scoring/15.tra 
LOG (lattice-best-path:main():lattice-best-path.cc:99) For utterance xiaoyan_en-10_5_8, best cost 373.281 + 13649.1 = 14022.3 over 180 frames.
xiaoyan_en-10_5_8 ten five eight 
LOG (lattice-best-path:main():lattice-best-path.cc:99) For utterance xiaoyan_en-1_4_3, best cost 309.695 + 13223.6 = 13533.2 over 182 frames.
xiaoyan_en-1_4_3 one four three 
LOG (lattice-best-path:main():lattice-best-path.cc:99) For utterance xiaoyan_en-2_3_5, best cost 314.072 + 13355 = 13669.1 over 174 frames.
xiaoyan_en-2_3_5 two three five 
LOG (lattice-best-path:main():lattice-best-path.cc:99) For utterance xiaoyan_en-2_6_10, best cost 333.878 + 13934.6 = 14268.5 over 176 frames.
xiaoyan_en-2_6_10 two six ten 
LOG (lattice-best-path:main():lattice-best-path.cc:99) For utterance xiaoyan_en-3_2_1, best cost 306.468 + 13637.3 = 13943.8 over 172 frames.
xiaoyan_en-3_2_1 three two one 
LOG (lattice-best-path:main():lattice-best-path.cc:99) For utterance xiaoyan_en-3_7_10, best cost 327.503 + 14672.9 = 15000.4 over 194 frames.
xiaoyan_en-3_7_10 three seven ten 
LOG (lattice-best-path:main():lattice-best-path.cc:99) For utterance xiaoyan_en-4_9_8, best cost 295.923 + 13500.7 = 13796.6 over 184 frames.
xiaoyan_en-4_9_8 four nine eight 
LOG (lattice-best-path:main():lattice-best-path.cc:99) For utterance xiaoyan_en-5_6_3, best cost 340.18 + 14204.7 = 14544.8 over 194 frames.
xiaoyan_en-5_6_3 five six three 
LOG (lattice-best-path:main():lattice-best-path.cc:99) For utterance xiaoyan_en-6_2_8, best cost 324.779 + 13840.4 = 14165.2 over 180 frames.
xiaoyan_en-6_2_8 six two eight 
LOG (lattice-best-path:main():lattice-best-path.cc:99) For utterance xiaoyan_en-9_10_8, best cost 298.399 + 13402 = 13700.4 over 180 frames.
xiaoyan_en-9_10_8 nine ten eight 
LOG (lattice-best-path:main():lattice-best-path.cc:124) Overall cost per frame is 77.4473 = 1.77543 [graph] + 75.6719 [acoustic] over 1816 frames.
LOG (lattice-best-path:main():lattice-best-path.cc:128) Done 10 lattices, failed for 0
# Accounting: time=0 threads=1
# Ended (code 0) at Mon Jun 26 10:49:43 HKT 2017, elapsed time 0 seconds
