# lattice-best-path --lm-scale=10 --word-symbol-table=data/lang/words.txt "ark:gunzip -c exp/mono/decode//lat.*.gz|" ark,t:exp/mono/decode//scoring/10.tra 
# Started at Mon Jun 26 10:49:43 HKT 2017
#
lattice-best-path --lm-scale=10 --word-symbol-table=data/lang/words.txt 'ark:gunzip -c exp/mono/decode//lat.*.gz|' ark,t:exp/mono/decode//scoring/10.tra 
LOG (lattice-best-path:main():lattice-best-path.cc:99) For utterance xiaoyan_en-10_5_8, best cost 248.854 + 13649.1 = 13897.9 over 180 frames.
xiaoyan_en-10_5_8 ten five eight 
LOG (lattice-best-path:main():lattice-best-path.cc:99) For utterance xiaoyan_en-1_4_3, best cost 206.463 + 13223.6 = 13430 over 182 frames.
xiaoyan_en-1_4_3 one four three 
LOG (lattice-best-path:main():lattice-best-path.cc:99) For utterance xiaoyan_en-2_3_5, best cost 209.381 + 13355 = 13564.4 over 174 frames.
xiaoyan_en-2_3_5 two three five 
LOG (lattice-best-path:main():lattice-best-path.cc:99) For utterance xiaoyan_en-2_6_10, best cost 222.585 + 13934.6 = 14157.2 over 176 frames.
xiaoyan_en-2_6_10 two six ten 
LOG (lattice-best-path:main():lattice-best-path.cc:99) For utterance xiaoyan_en-3_2_1, best cost 204.312 + 13637.3 = 13841.6 over 172 frames.
xiaoyan_en-3_2_1 three two one 
LOG (lattice-best-path:main():lattice-best-path.cc:99) For utterance xiaoyan_en-3_7_10, best cost 218.335 + 14672.9 = 14891.2 over 194 frames.
xiaoyan_en-3_7_10 three seven ten 
LOG (lattice-best-path:main():lattice-best-path.cc:99) For utterance xiaoyan_en-4_9_8, best cost 197.282 + 13500.7 = 13698 over 184 frames.
xiaoyan_en-4_9_8 four nine eight 
LOG (lattice-best-path:main():lattice-best-path.cc:99) For utterance xiaoyan_en-5_6_3, best cost 226.787 + 14204.7 = 14431.4 over 194 frames.
xiaoyan_en-5_6_3 five six three 
LOG (lattice-best-path:main():lattice-best-path.cc:99) For utterance xiaoyan_en-6_2_8, best cost 216.519 + 13840.4 = 14056.9 over 180 frames.
xiaoyan_en-6_2_8 six two eight 
LOG (lattice-best-path:main():lattice-best-path.cc:99) For utterance xiaoyan_en-9_10_8, best cost 198.933 + 13402 = 13600.9 over 180 frames.
xiaoyan_en-9_10_8 nine ten eight 
LOG (lattice-best-path:main():lattice-best-path.cc:124) Overall cost per frame is 76.8555 = 1.18362 [graph] + 75.6719 [acoustic] over 1816 frames.
LOG (lattice-best-path:main():lattice-best-path.cc:128) Done 10 lattices, failed for 0
# Accounting: time=0 threads=1
# Ended (code 0) at Mon Jun 26 10:49:43 HKT 2017, elapsed time 0 seconds
